Log file open, 10/17/18 13:44:40
LogWindows: Failed to load 'aqProf.dll' (GetLastError=126)
LogWindows: File 'aqProf.dll' does not exist
LogWindows: Failed to load 'VtuneApi.dll' (GetLastError=126)
LogWindows: File 'VtuneApi.dll' does not exist
LogWindows: Failed to load 'VtuneApi32e.dll' (GetLastError=126)
LogWindows: File 'VtuneApi32e.dll' does not exist
LogInit: Display: Running engine for game: GameJam
LogPlatformFile: Not using cached read wrapper
LogInit: Display: RandInit(760271484) SRandInit(760271484).
LogInit: Read version file with build ID '3944462'
LogInit: Overriding engine version to CL 4033788, compatible CL 3944462
LogInit: Registered custom module enumerator with build ID '3944462'
LogTaskGraph: Started task graph with 5 named threads and 23 total threads with 3 sets of task threads.
LogStats: Stats thread started at 0.347656
LogD3D11RHI: Aftermath initialized
LogICUInternationalization: Display: ICU TimeZone Detection - Raw Offset: +0:00, Platform Override: ''
LogModuleManager: Display: Found up-to-date module file ../../../Engine/Plugins/2D/Paper2D/Binaries/Win64/UE4Editor-Paper2D.dll (API version 3944462).
LogModuleManager: Display: Found up-to-date module file ../../../Engine/Plugins/2D/Paper2D/Binaries/Win64/UE4Editor-Paper2DEditor.dll (API version 3944462).
LogModuleManager: Display: Found up-to-date module file ../../../Engine/Plugins/2D/Paper2D/Binaries/Win64/UE4Editor-PaperSpriteSheetImporter.dll (API version 3944462).
LogModuleManager: Display: Found up-to-date module file ../../../Engine/Plugins/2D/Paper2D/Binaries/Win64/UE4Editor-PaperTiledImporter.dll (API version 3944462).
LogModuleManager: Display: Found up-to-date module file ../../../Engine/Plugins/2D/Paper2D/Binaries/Win64/UE4Editor-SmartSnapping.dll (API version 3944462).
LogModuleManager: Display: Found up-to-date module file ../../../Engine/Plugins/Blendables/LightPropagationVolume/Binaries/Win64/UE4Editor-LightPropagationVolumeRuntime.dll (API version 3944462).
LogModuleManager: Display: Found up-to-date module file ../../../Engine/Plugins/Blendables/LightPropagationVolume/Binaries/Win64/UE4Editor-LightPropagationVolumeEditor.dll (API version 3944462).
LogModuleManager: Display: Found up-to-date module file ../../../Engine/Plugins/Developer/CLionSourceCodeAccess/Binaries/Win64/UE4Editor-CLionSourceCodeAccess.dll (API version 3944462).
LogModuleManager: Display: Found up-to-date module file ../../../Engine/Plugins/Developer/GitSourceControl/Binaries/Win64/UE4Editor-GitSourceControl.dll (API version 3944462).
LogModuleManager: Display: Found up-to-date module file ../../../Engine/Plugins/Developer/PerforceSourceControl/Binaries/Win64/UE4Editor-PerforceSourceControl.dll (API version 3944462).
LogModuleManager: Display: Found up-to-date module file ../../../Engine/Plugins/Developer/SubversionSourceControl/Binaries/Win64/UE4Editor-SubversionSourceControl.dll (API version 3944462).
LogModuleManager: Display: Found up-to-date module file ../../../Engine/Plugins/Developer/UObjectPlugin/Binaries/Win64/UE4Editor-UObjectPlugin.dll (API version 3944462).
LogModuleManager: Display: Found up-to-date module file ../../../Engine/Plugins/Developer/VisualStudioCodeSourceCodeAccess/Binaries/Win64/UE4Editor-VisualStudioCodeSourceCodeAccess.dll (API version 3944462).
LogModuleManager: Display: Found up-to-date module file ../../../Engine/Plugins/Developer/VisualStudioSourceCodeAccess/Binaries/Win64/UE4Editor-VisualStudioSourceCodeAccess.dll (API version 3944462).
LogModuleManager: Display: Found up-to-date module file ../../../Engine/Plugins/Editor/AssetManagerEditor/Binaries/Win64/UE4Editor-AssetManagerEditor.dll (API version 3944462).
LogModuleManager: Display: Found up-to-date module file ../../../Engine/Plugins/Editor/CryptoKeys/Binaries/Win64/UE4Editor-CryptoKeys.dll (API version 3944462).
LogModuleManager: Display: Found up-to-date module file ../../../Engine/Plugins/Editor/CryptoKeys/Binaries/Win64/UE4Editor-CryptoKeysOpenSSL.dll (API version 3944462).
LogModuleManager: Display: Found up-to-date module file ../../../Engine/Plugins/Editor/DataValidation/Binaries/Win64/UE4Editor-DataValidation.dll (API version 3944462).
LogModuleManager: Display: Found up-to-date module file ../../../Engine/Plugins/Editor/FacialAnimation/Binaries/Win64/UE4Editor-FacialAnimation.dll (API version 3944462).
LogModuleManager: Display: Found up-to-date module file ../../../Engine/Plugins/Editor/FacialAnimation/Binaries/Win64/UE4Editor-FacialAnimationEditor.dll (API version 3944462).
LogModuleManager: Display: Found up-to-date module file ../../../Engine/Plugins/Editor/GameplayTagsEditor/Binaries/Win64/UE4Editor-GameplayTagsEditor.dll (API version 3944462).
LogModuleManager: Display: Found up-to-date module file ../../../Engine/Plugins/Editor/MobileLauncherProfileWizard/Binaries/Win64/UE4Editor-MobileLauncherProfileWizard.dll (API version 3944462).
LogModuleManager: Display: Found up-to-date module file ../../../Engine/Plugins/Editor/PluginBrowser/Binaries/Win64/UE4Editor-PluginBrowser.dll (API version 3944462).
LogModuleManager: Display: Found up-to-date module file ../../../Engine/Plugins/Editor/SpeedTreeImporter/Binaries/Win64/UE4Editor-SpeedTreeImporter.dll (API version 3944462).
LogModuleManager: Display: Found up-to-date module file ../../../Engine/Plugins/Enterprise/DatasmithContent/Binaries/Win64/UE4Editor-DatasmithContent.dll (API version 3944462).
LogModuleManager: Display: Found up-to-date module file ../../../Engine/Plugins/Experimental/AlembicImporter/Binaries/Win64/UE4Editor-AlembicImporter.dll (API version 3944462).
LogModuleManager: Display: Found up-to-date module file ../../../Engine/Plugins/Experimental/AlembicImporter/Binaries/Win64/UE4Editor-AlembicLibrary.dll (API version 3944462).
LogModuleManager: Display: Found up-to-date module file ../../../Engine/Plugins/Experimental/CharacterAI/Binaries/Win64/UE4Editor-CharacterAI.dll (API version 3944462).
LogModuleManager: Display: Found up-to-date module file ../../../Engine/Plugins/Experimental/HTML5Networking/Binaries/Win64/UE4Editor-HTML5Networking.dll (API version 3944462).
LogModuleManager: Display: Found up-to-date module file ../../../Engine/Plugins/Media/AndroidMedia/Binaries/Win64/UE4Editor-AndroidMediaEditor.dll (API version 3944462).
LogModuleManager: Display: Found up-to-date module file ../../../Engine/Plugins/Media/AndroidMedia/Binaries/Win64/UE4Editor-AndroidMediaFactory.dll (API version 3944462).
LogModuleManager: Display: Found up-to-date module file ../../../Engine/Plugins/Media/AvfMedia/Binaries/Win64/UE4Editor-AvfMediaEditor.dll (API version 3944462).
LogModuleManager: Display: Found up-to-date module file ../../../Engine/Plugins/Media/AvfMedia/Binaries/Win64/UE4Editor-AvfMediaFactory.dll (API version 3944462).
LogModuleManager: Display: Found up-to-date module file ../../../Engine/Plugins/Media/AvfMedia/Binaries/Win64/UE4Editor-AvfMediaFactory.dll (API version 3944462).
LogModuleManager: Display: Found up-to-date module file ../../../Engine/Plugins/Media/ImgMedia/Binaries/Win64/UE4Editor-ImgMedia.dll (API version 3944462).
LogModuleManager: Display: Found up-to-date module file ../../../Engine/Plugins/Media/ImgMedia/Binaries/Win64/UE4Editor-ImgMediaEditor.dll (API version 3944462).
LogModuleManager: Display: Found up-to-date module file ../../../Engine/Plugins/Media/ImgMedia/Binaries/Win64/UE4Editor-ImgMediaFactory.dll (API version 3944462).
LogModuleManager: Display: Found up-to-date module file ../../../Engine/Plugins/Media/ImgMedia/Binaries/Win64/UE4Editor-ImgMediaFactory.dll (API version 3944462).
LogModuleManager: Display: Found up-to-date module file ../../../Engine/Plugins/Media/ImgMedia/Binaries/Win64/UE4Editor-OpenExrWrapper.dll (API version 3944462).
LogModuleManager: Display: Found up-to-date module file ../../../Engine/Plugins/Media/LinearTimecode/Binaries/Win64/UE4Editor-LinearTimecode.dll (API version 3944462).
LogModuleManager: Display: Found up-to-date module file ../../../Engine/Plugins/Media/MediaCompositing/Binaries/Win64/UE4Editor-MediaCompositing.dll (API version 3944462).
LogModuleManager: Display: Found up-to-date module file ../../../Engine/Plugins/Media/MediaCompositing/Binaries/Win64/UE4Editor-MediaCompositingEditor.dll (API version 3944462).
LogModuleManager: Display: Found up-to-date module file ../../../Engine/Plugins/Media/MediaPlayerEditor/Binaries/Win64/UE4Editor-MediaPlayerEditor.dll (API version 3944462).
LogModuleManager: Display: Found up-to-date module file ../../../Engine/Plugins/Media/WmfMedia/Binaries/Win64/UE4Editor-WmfMedia.dll (API version 3944462).
LogModuleManager: Display: Found up-to-date module file ../../../Engine/Plugins/Media/WmfMedia/Binaries/Win64/UE4Editor-WmfMediaEditor.dll (API version 3944462).
LogModuleManager: Display: Found up-to-date module file ../../../Engine/Plugins/Media/WmfMedia/Binaries/Win64/UE4Editor-WmfMediaFactory.dll (API version 3944462).
LogModuleManager: Display: Found up-to-date module file ../../../Engine/Plugins/Media/WmfMedia/Binaries/Win64/UE4Editor-WmfMediaFactory.dll (API version 3944462).
LogModuleManager: Display: Found up-to-date module file ../../../Engine/Plugins/Messaging/TcpMessaging/Binaries/Win64/UE4Editor-TcpMessaging.dll (API version 3944462).
LogModuleManager: Display: Found up-to-date module file ../../../Engine/Plugins/Messaging/UdpMessaging/Binaries/Win64/UE4Editor-UdpMessaging.dll (API version 3944462).
LogModuleManager: Display: Found up-to-date module file ../../../Engine/Plugins/MovieScene/ActorSequence/Binaries/Win64/UE4Editor-ActorSequence.dll (API version 3944462).
LogModuleManager: Display: Found up-to-date module file ../../../Engine/Plugins/MovieScene/LevelSequenceEditor/Binaries/Win64/UE4Editor-LevelSequenceEditor.dll (API version 3944462).
LogModuleManager: Display: Found up-to-date module file ../../../Engine/Plugins/MovieScene/MatineeToLevelSequence/Binaries/Win64/UE4Editor-MatineeToLevelSequence.dll (API version 3944462).
LogModuleManager: Display: Found up-to-date module file ../../../Engine/Plugins/NetcodeUnitTest/NetcodeUnitTest/Binaries/Win64/UE4Editor-NetcodeUnitTest.dll (API version 3944462).
LogModuleManager: Display: Found up-to-date module file ../../../Engine/Plugins/NetcodeUnitTest/NUTUnrealEngine4/Binaries/Win64/UE4Editor-NUTUnrealEngine4.dll (API version 3944462).
LogModuleManager: Display: Found up-to-date module file ../../../Engine/Plugins/Online/OnlineSubsystem/Binaries/Win64/UE4Editor-OnlineSubsystem.dll (API version 3944462).
LogModuleManager: Display: Found up-to-date module file ../../../Engine/Plugins/Runtime/AndroidPermission/Binaries/Win64/UE4Editor-AndroidPermission.dll (API version 3944462).
LogModuleManager: Display: Found up-to-date module file ../../../Engine/Plugins/Online/OnlineSubsystemNull/Binaries/Win64/UE4Editor-OnlineSubsystemNull.dll (API version 3944462).
LogModuleManager: Display: Found up-to-date module file ../../../Engine/Plugins/Online/OnlineSubsystemUtils/Binaries/Win64/UE4Editor-OnlineSubsystemUtils.dll (API version 3944462).
LogModuleManager: Display: Found up-to-date module file ../../../Engine/Plugins/Online/OnlineSubsystemUtils/Binaries/Win64/UE4Editor-OnlineBlueprintSupport.dll (API version 3944462).
LogModuleManager: Display: Found up-to-date module file ../../../Engine/Plugins/Runtime/AndroidDeviceProfileSelector/Binaries/Win64/UE4Editor-AndroidDeviceProfileSelector.dll (API version 3944462).
LogModuleManager: Display: Found up-to-date module file ../../../Engine/Plugins/Runtime/AppleARKit/Binaries/Win64/UE4Editor-AppleARKit.dll (API version 3944462).
LogModuleManager: Display: Found up-to-date module file ../../../Engine/Plugins/Runtime/ProceduralMeshComponent/Binaries/Win64/UE4Editor-ProceduralMeshComponent.dll (API version 3944462).
LogModuleManager: Display: Found up-to-date module file ../../../Engine/Plugins/Runtime/ProceduralMeshComponent/Binaries/Win64/UE4Editor-ProceduralMeshComponentEditor.dll (API version 3944462).
LogModuleManager: Display: Found up-to-date module file ../../../Engine/Plugins/Animation/LiveLink/Binaries/Win64/UE4Editor-LiveLink.dll (API version 3944462).
LogModuleManager: Display: Found up-to-date module file ../../../Engine/Plugins/Animation/LiveLink/Binaries/Win64/UE4Editor-LiveLinkEditor.dll (API version 3944462).
LogModuleManager: Display: Found up-to-date module file ../../../Engine/Plugins/Runtime/ArchVisCharacter/Binaries/Win64/UE4Editor-ArchVisCharacter.dll (API version 3944462).
LogModuleManager: Display: Found up-to-date module file ../../../Engine/Plugins/Runtime/AudioCapture/Binaries/Win64/UE4Editor-AudioCapture.dll (API version 3944462).
LogModuleManager: Display: Found up-to-date module file ../../../Engine/Plugins/Runtime/AudioCapture/Binaries/Win64/UE4Editor-AudioCaptureEditor.dll (API version 3944462).
LogModuleManager: Display: Found up-to-date module file ../../../Engine/Plugins/Runtime/CableComponent/Binaries/Win64/UE4Editor-CableComponent.dll (API version 3944462).
LogModuleManager: Display: Found up-to-date module file ../../../Engine/Plugins/Runtime/CustomMeshComponent/Binaries/Win64/UE4Editor-CustomMeshComponent.dll (API version 3944462).
LogModuleManager: Display: Found up-to-date module file ../../../Engine/Plugins/Runtime/ExampleDeviceProfileSelector/Binaries/Win64/UE4Editor-ExampleDeviceProfileSelector.dll (API version 3944462).
LogModuleManager: Display: Found up-to-date module file ../../../Engine/Plugins/Runtime/ImmediatePhysics/Binaries/Win64/UE4Editor-ImmediatePhysics.dll (API version 3944462).
LogModuleManager: Display: Found up-to-date module file ../../../Engine/Plugins/Runtime/ImmediatePhysics/Binaries/Win64/UE4Editor-ImmediatePhysicsEditor.dll (API version 3944462).
LogModuleManager: Display: Found up-to-date module file ../../../Engine/Plugins/Runtime/LocationServicesBPLibrary/Binaries/Win64/UE4Editor-LocationServicesBPLibrary.dll (API version 3944462).
LogModuleManager: Display: Found up-to-date module file ../../../Engine/Plugins/Runtime/MobilePatchingUtils/Binaries/Win64/UE4Editor-MobilePatchingUtils.dll (API version 3944462).
LogModuleManager: Display: Found up-to-date module file ../../../Engine/Plugins/Runtime/Oculus/OculusVR/Binaries/Win64/UE4Editor-OculusHMD.dll (API version 3944462).
LogModuleManager: Display: Found up-to-date module file ../../../Engine/Plugins/Runtime/Oculus/OculusVR/Binaries/Win64/UE4Editor-OculusInput.dll (API version 3944462).
LogModuleManager: Display: Found up-to-date module file ../../../Engine/Plugins/Runtime/Oculus/OculusVR/Binaries/Win64/UE4Editor-OculusEditor.dll (API version 3944462).
LogModuleManager: Display: Found up-to-date module file ../../../Engine/Plugins/Runtime/PhysXVehicles/Binaries/Win64/UE4Editor-PhysXVehicles.dll (API version 3944462).
LogModuleManager: Display: Found up-to-date module file ../../../Engine/Plugins/Runtime/PhysXVehicles/Binaries/Win64/UE4Editor-PhysXVehiclesEditor.dll (API version 3944462).
LogModuleManager: Display: Found up-to-date module file ../../../Engine/Plugins/Runtime/RuntimePhysXCooking/Binaries/Win64/UE4Editor-RuntimePhysXCooking.dll (API version 3944462).
LogModuleManager: Display: Found up-to-date module file ../../../Engine/Plugins/Runtime/Steam/SteamVR/Binaries/Win64/UE4Editor-SteamVR.dll (API version 3944462).
LogModuleManager: Display: Found up-to-date module file ../../../Engine/Plugins/Runtime/Steam/SteamVR/Binaries/Win64/UE4Editor-SteamVRController.dll (API version 3944462).
LogModuleManager: Display: Found up-to-date module file ../../../Engine/Plugins/Runtime/WindowsMoviePlayer/Binaries/Win64/UE4Editor-WindowsMoviePlayer.dll (API version 3944462).
LogPluginManager: Mounting plugin Paper2D
LogPluginManager: Mounting plugin LiveLink
LogPluginManager: Mounting plugin LightPropagationVolume
LogPluginManager: Mounting plugin CLionSourceCodeAccess
LogPluginManager: Mounting plugin CodeLiteSourceCodeAccess
LogPluginManager: Mounting plugin GitSourceControl
LogPluginManager: Mounting plugin KDevelopSourceCodeAccess
LogPluginManager: Mounting plugin NullSourceCodeAccess
LogPluginManager: Mounting plugin PerforceSourceControl
LogPluginManager: Mounting plugin SubversionSourceControl
LogPluginManager: Mounting plugin UObjectPlugin
LogPluginManager: Mounting plugin VisualStudioCodeSourceCodeAccess
LogPluginManager: Mounting plugin VisualStudioSourceCodeAccess
LogPluginManager: Mounting plugin XCodeSourceCodeAccess
LogPluginManager: Mounting plugin AssetManagerEditor
LogPluginManager: Mounting plugin CryptoKeys
LogPluginManager: Mounting plugin DataValidation
LogPluginManager: Mounting plugin FacialAnimation
LogPluginManager: Mounting plugin GameplayTagsEditor
LogPluginManager: Mounting plugin MobileLauncherProfileWizard
LogPluginManager: Mounting plugin PluginBrowser
LogPluginManager: Mounting plugin SpeedTreeImporter
LogPluginManager: Mounting plugin DatasmithContent
LogPluginManager: Mounting plugin AlembicImporter
LogPluginManager: Mounting plugin CharacterAI
LogPluginManager: Mounting plugin HTML5Networking
LogPluginManager: Mounting plugin AndroidMedia
LogPluginManager: Mounting plugin AvfMedia
LogPluginManager: Mounting plugin ImgMedia
LogPluginManager: Mounting plugin LinearTimecode
LogPluginManager: Mounting plugin MediaCompositing
LogPluginManager: Mounting plugin MediaPlayerEditor
LogPluginManager: Mounting plugin WmfMedia
LogPluginManager: Mounting plugin TcpMessaging
LogPluginManager: Mounting plugin UdpMessaging
LogPluginManager: Mounting plugin ActorSequence
LogPluginManager: Mounting plugin LevelSequenceEditor
LogPluginManager: Mounting plugin MatineeToLevelSequence
LogPluginManager: Mounting plugin NetcodeUnitTest
LogPluginManager: Mounting plugin NUTUnrealEngine4
LogPluginManager: Mounting plugin OnlineSubsystemGooglePlay
LogPluginManager: Mounting plugin OnlineSubsystemIOS
LogPluginManager: Mounting plugin OnlineSubsystem
LogPluginManager: Mounting plugin OnlineSubsystemNull
LogPluginManager: Mounting plugin OnlineSubsystemUtils
LogPluginManager: Mounting plugin AndroidDeviceProfileSelector
LogPluginManager: Mounting plugin AndroidMoviePlayer
LogPluginManager: Mounting plugin AndroidPermission
LogPluginManager: Mounting plugin AppleARKit
LogPluginManager: Mounting plugin AppleMoviePlayer
LogPluginManager: Mounting plugin ArchVisCharacter
LogPluginManager: Mounting plugin AudioCapture
LogPluginManager: Mounting plugin CableComponent
LogPluginManager: Mounting plugin CustomMeshComponent
LogPluginManager: Mounting plugin ExampleDeviceProfileSelector
LogPluginManager: Mounting plugin GoogleCloudMessaging
LogPluginManager: Mounting plugin ImmediatePhysics
LogPluginManager: Mounting plugin IOSDeviceProfileSelector
LogPluginManager: Mounting plugin LinuxDeviceProfileSelector
LogPluginManager: Mounting plugin LocationServicesBPLibrary
LogPluginManager: Mounting plugin MobilePatchingUtils
LogPluginManager: Mounting plugin OculusVR
LogPluginManager: Plugin shader directory ../../../Engine/Plugins/Runtime/Oculus/OculusVR/Shaders found
LogPluginManager: Mapping shader source directory ../../../Engine/Plugins/Runtime/Oculus/OculusVR/Shaders to virtual directory /Plugin/OculusVR
LogPluginManager: Mounting plugin PhysXVehicles
LogPluginManager: Mounting plugin ProceduralMeshComponent
LogPluginManager: Mounting plugin RuntimePhysXCooking
LogPluginManager: Mounting plugin SteamVR
LogPluginManager: Mounting plugin WindowsMoviePlayer
LogStreaming: Display: Took  2.021s to configure plugins.
LogInit: Using libcurl 7.47.1
LogInit:  - built for x86_64-pc-win32
LogInit:  - supports SSL with OpenSSL/1.0.2g
LogInit:  - supports HTTP deflate (compression) using libz 1.2.8
LogInit:  - other features:
LogInit:      CURL_VERSION_SSL
LogInit:      CURL_VERSION_LIBZ
LogInit:      CURL_VERSION_IPV6
LogInit:      CURL_VERSION_ASYNCHDNS
LogInit:      CURL_VERSION_LARGEFILE
LogInit:      CURL_VERSION_IDN
LogInit:  CurlRequestOptions (configurable via config and command line):
LogInit:  - bVerifyPeer = false  - Libcurl will NOT verify peer certificate
LogInit:  - bUseHttpProxy = false  - Libcurl will NOT use HTTP proxy
LogInit:  - bDontReuseConnections = false  - Libcurl will reuse connections
LogInit:  - CertBundlePath = nullptr  - Libcurl will use whatever was configured at build time.
LogInit:  - MaxHostConnections = 16  - Libcurl will limit the number of connections to a host
LogInit:  - LocalHostAddr = Default
LogInit: WinSock: version 1.1 (2.2), MaxSocks=32767, MaxUdp=65467
LogInit: WinSock: I am 045LPDL-60851 (10.17.25.70:0)
LogInit: Build: ++UE4+Release-4.19-CL-4033788
LogInit: Engine Version: 4.19.2-4033788+++UE4+Release-4.19
LogInit: Compatible Engine Version: 4.19.0-3944462+++UE4+Release-4.19
LogInit: Net CL: 3944462
LogDevObjectVersion: Number of dev versions registered: 18
LogDevObjectVersion:   Dev-Blueprints (B0D832E4-1F89-4F0D-ACCF-7EB736FD4AA2): 10
LogDevObjectVersion:   Dev-Build (E1C64328-A22C-4D53-A36C-8E866417BD8C): 0
LogDevObjectVersion:   Dev-Core (375EC13C-06E4-48FB-B500-84F0262A717E): 2
LogDevObjectVersion:   Dev-Editor (E4B068ED-F494-42E9-A231-DA0B2E46BB41): 23
LogDevObjectVersion:   Dev-Framework (CFFC743F-43B0-4480-9391-14DF171D2073): 33
LogDevObjectVersion:   Dev-Mobile (B02B49B5-BB20-44E9-A304-32B752E40360): 2
LogDevObjectVersion:   Dev-Networking (A4E4105C-59A1-49B5-A7C5-40C4547EDFEE): 0
LogDevObjectVersion:   Dev-Online (39C831C9-5AE6-47DC-9A44-9C173E1C8E7C): 0
LogDevObjectVersion:   Dev-Physics (78F01B33-EBEA-4F98-B9B4-84EACCB95AA2): 0
LogDevObjectVersion:   Dev-Platform (6631380F-2D4D-43E0-8009-CF276956A95A): 0
LogDevObjectVersion:   Dev-Rendering (12F88B9F-8875-4AFC-A67C-D90C383ABD29): 25
LogDevObjectVersion:   Dev-Sequencer (7B5AE74C-D270-4C10-A958-57980B212A5A): 6
LogDevObjectVersion:   Dev-VR (D7296918-1DD6-4BDD-9DE2-64A83CC13884): 1
LogDevObjectVersion:   Dev-LoadTimes (C2A15278-BFE7-4AFE-6C17-90FF531DF755): 1
LogDevObjectVersion:   Private-Geometry (6EACA3D4-40EC-4CC1-B786-8BED09428FC5): 2
LogDevObjectVersion:   Dev-AnimPhys (29E575DD-E0A3-4627-9D10-D276232CDCEA): 16
LogDevObjectVersion:   Dev-ReflectionCapture (6B266CEC-1EC7-4B8F-A30B-E4D90942FC07): 1
LogDevObjectVersion:   Dev-Automation (0DF73D61-A23F-47EA-B727-89E90C41499A): 1
LogInit: Compiled (64-bit): Apr 27 2018 02:06:57
LogInit: Compiled with Visual C++: 19.00.24215.01
LogInit: Build Configuration: Development
LogInit: Branch Name: ++UE4+Release-4.19
LogInit: Command Line: 
LogInit: Base Directory: C:/Program Files/Epic Games/UE_4.19/Engine/Binaries/Win64/
LogInit: Installed Engine Build: 1
LogStreaming: Display: Took  0.000s to delete old logs.
LogInit: Presizing for max 8388607 objects, including 0 objects not considered by GC, pre-allocating 0 bytes for permanent pool.
LogInit: Object subsystem initialized
[2018.10.17-12.44.42:598][  0]LogInit: Selected Device Profile: [Windows]
[2018.10.17-12.44.42:598][  0]LogInit: Applying CVar settings loaded from the selected device profile: [Windows]
[2018.10.17-12.44.42:623][  0]LogInit: Computer: 045LPDL-60851
[2018.10.17-12.44.42:623][  0]LogInit: User: Armin
[2018.10.17-12.44.42:623][  0]LogInit: CPU Page size=4096, Cores=4
[2018.10.17-12.44.42:623][  0]LogInit: High frequency timer resolution =1.851565 MHz
[2018.10.17-12.44.42:624][  0]LogMemory: Memory total: Physical=15.9GB (16GB approx)
[2018.10.17-12.44.42:624][  0]LogMemory: Platform Memory Stats for Windows
[2018.10.17-12.44.42:624][  0]LogMemory: Process Physical Memory: 274.35 MB used, 274.35 MB peak
[2018.10.17-12.44.42:624][  0]LogMemory: Process Virtual Memory: 264.71 MB used, 264.71 MB peak
[2018.10.17-12.44.42:624][  0]LogMemory: Physical Memory: 6626.47 MB used,  9638.28 MB free, 16264.75 MB total
[2018.10.17-12.44.42:624][  0]LogMemory: Virtual Memory: 4795.30 MB used,  9638.28 MB free, 134217728.00 MB total
[2018.10.17-12.44.42:654][  0]LogInit: Using OS detected language (en-US).
[2018.10.17-12.44.42:654][  0]LogInit: Using OS detected locale (en-GB).
[2018.10.17-12.44.42:659][  0]LogTextLocalizationManager: No specific localization for 'en-US' exists, so the 'en' localization will be used.
[2018.10.17-12.44.43:327][  0]LogStreaming: Display: Took  0.674s to EndInitTextLocalization.
[2018.10.17-12.44.43:327][  0]LogInit: Setting process to per monitor DPI aware
[2018.10.17-12.44.43:371][  0]LogSlate: New Slate User Created.  User Index 0, Is Virtual User: 0
[2018.10.17-12.44.43:371][  0]LogSlate: Slate User Registered.  User Index 0, Is Virtual User: 0
[2018.10.17-12.44.43:753][  0]LogD3D11RHI: D3D11 adapters:
[2018.10.17-12.44.43:766][  0]LogD3D11RHI:    0. 'Intel(R) UHD Graphics 620' (Feature Level 11_0)
[2018.10.17-12.44.43:766][  0]LogD3D11RHI:       128/0/8132 MB DedicatedVideo/DedicatedSystem/SharedSystem, Outputs:1, VendorId:0x8086
[2018.10.17-12.44.43:769][  0]LogD3D11RHI:    1. 'Microsoft Basic Render Driver' (Feature Level 11_0)
[2018.10.17-12.44.43:769][  0]LogD3D11RHI:       0/0/8132 MB DedicatedVideo/DedicatedSystem/SharedSystem, Outputs:0, VendorId:0x1414
[2018.10.17-12.44.43:769][  0]LogD3D11RHI: Chosen D3D11 Adapter: 0
[2018.10.17-12.44.43:778][  0]LogD3D11RHI: Creating new Direct3DDevice
[2018.10.17-12.44.43:778][  0]LogD3D11RHI:     GPU DeviceId: 0x5917 (for the marketing name, search the web for "GPU Device Id")
[2018.10.17-12.44.43:778][  0]LogWindows: EnumDisplayDevices:
[2018.10.17-12.44.43:778][  0]LogWindows:    0. 'Intel(R) UHD Graphics 620' (P:1 D:1)
[2018.10.17-12.44.43:779][  0]LogWindows:    1. 'Intel(R) UHD Graphics 620' (P:0 D:0)
[2018.10.17-12.44.43:779][  0]LogWindows:    2. 'Intel(R) UHD Graphics 620' (P:0 D:0)
[2018.10.17-12.44.43:779][  0]LogWindows: DebugString: GetVideoDriverDetailsInvalid PrimaryIsNotTheChoosenAdapter GetVideoDriverDetailsInvalid PrimaryIsNotTheChoosenAdapter GetVideoDriverDetailsInvalid PrimaryIsNotTheChoosenAdapter FoundDriverCount:0 
[2018.10.17-12.44.43:779][  0]LogD3D11RHI:     Adapter Name: Intel(R) UHD Graphics 620
[2018.10.17-12.44.43:779][  0]LogD3D11RHI:   Driver Version: Unknown (internal:Unknown, unified:Unknown)
[2018.10.17-12.44.43:779][  0]LogD3D11RHI:      Driver Date: Unknown
[2018.10.17-12.44.43:779][  0]LogRHI: Texture pool is 1523 MB (70% of 2176 MB)
[2018.10.17-12.44.43:790][  0]LogD3D11RHI: Async texture creation enabled
[2018.10.17-12.44.43:800][  0]LogD3D11RHI: GPU Timing Frequency: 12.000000 (Debug: 2 0)
[2018.10.17-12.44.43:802][  0]LogShaderCompilers: Guid format shader working directory is 18 characters bigger than the processId version (D:/GameJam/GameJam15/GameJam/Intermediate/Shaders/WorkingDirectory/7436/).
[2018.10.17-12.44.43:802][  0]LogShaderCompilers: Cleaned the shader compiler working directory 'C:/Users/Armin/AppData/Local/Temp/UnrealShaderWorkingDir/975BFA864192165DE4DC45845FD0F7DA/'.
[2018.10.17-12.44.44:219][  0]LogTemp: Display: Loaded TP AllDesktopTargetPlatform
[2018.10.17-12.44.44:246][  0]LogTemp: Display: Loaded TP MacClientTargetPlatform
[2018.10.17-12.44.44:274][  0]LogTemp: Display: Loaded TP MacNoEditorTargetPlatform
[2018.10.17-12.44.44:304][  0]LogTemp: Display: Loaded TP MacServerTargetPlatform
[2018.10.17-12.44.44:333][  0]LogTemp: Display: Loaded TP MacTargetPlatform
[2018.10.17-12.44.44:363][  0]LogTemp: Display: Loaded TP WindowsClientTargetPlatform
[2018.10.17-12.44.44:395][  0]LogTemp: Display: Loaded TP WindowsNoEditorTargetPlatform
[2018.10.17-12.44.44:423][  0]LogTemp: Display: Loaded TP WindowsServerTargetPlatform
[2018.10.17-12.44.44:437][  0]LogTemp: Display: Loaded TP WindowsTargetPlatform
[2018.10.17-12.44.44:460][  0]LogTemp: Display: Loaded TP Android_ASTCTargetPlatform
[2018.10.17-12.44.44:486][  0]LogTemp: Display: Loaded TP Android_ATCTargetPlatform
[2018.10.17-12.44.44:513][  0]LogTemp: Display: Loaded TP Android_DXTTargetPlatform
[2018.10.17-12.44.44:538][  0]LogTemp: Display: Loaded TP Android_ETC1aTargetPlatform
[2018.10.17-12.44.44:562][  0]LogTemp: Display: Loaded TP Android_ETC1TargetPlatform
[2018.10.17-12.44.44:592][  0]LogTemp: Display: Loaded TP Android_ETC2TargetPlatform
[2018.10.17-12.44.44:645][  0]LogTemp: Display: Loaded TP Android_MultiTargetPlatform
[2018.10.17-12.44.44:645][  0]LogTemp: Display: Loaded TP Android_PVRTCTargetPlatform
[2018.10.17-12.44.44:670][  0]LogTemp: Display: Loaded TP AndroidTargetPlatform
[2018.10.17-12.44.44:673][  0]LogTemp: Display: Loaded TP HTML5TargetPlatform
[2018.10.17-12.44.44:726][  0]LogTemp: Display: Loaded TP IOSTargetPlatform
[2018.10.17-12.44.44:747][  0]LogTemp: Display: Loaded TP TVOSTargetPlatform
[2018.10.17-12.44.44:773][  0]LogTemp: Display: Loaded TP LinuxClientTargetPlatform
[2018.10.17-12.44.44:798][  0]LogTemp: Display: Loaded TP LinuxNoEditorTargetPlatform
[2018.10.17-12.44.44:819][  0]LogTemp: Display: Loaded TP LinuxServerTargetPlatform
[2018.10.17-12.44.44:843][  0]LogTemp: Display: Loaded TP LinuxTargetPlatform
[2018.10.17-12.44.44:844][  0]LogTargetPlatformManager: Display: Building Assets For Windows
[2018.10.17-12.44.45:076][  0]LogXGEController: Cannot use XGE Controller as Incredibuild is not installed on this machine.
[2018.10.17-12.44.45:076][  0]LogShaderCompilers: Cannot use XGE Shader Compiler as Incredibuild is not installed on this machine.
[2018.10.17-12.44.45:076][  0]LogShaderCompilers: Display: Using Local Shader Compiler.
[2018.10.17-12.44.46:402][  0]LogDerivedDataCache: Display: Max Cache Size: 512 MB
[2018.10.17-12.44.46:505][  0]LogDerivedDataCache: Loaded boot cache 0.10s 74MB C:/Users/Armin/AppData/Local/UnrealEngine/4.19/DerivedDataCache/Boot.ddc.
[2018.10.17-12.44.46:506][  0]LogDerivedDataCache: Display: Loaded Boot cache: C:/Users/Armin/AppData/Local/UnrealEngine/4.19/DerivedDataCache/Boot.ddc
[2018.10.17-12.44.46:506][  0]LogDerivedDataCache: FDerivedDataBackendGraph:  Pak pak cache file D:/GameJam/GameJam15/GameJam/DerivedDataCache/DDC.ddp not found, will not use a pak cache.
[2018.10.17-12.44.46:506][  0]LogDerivedDataCache: Unable to find inner node Pak for hierarchical cache Hierarchy.
[2018.10.17-12.44.46:506][  0]LogDerivedDataCache: FDerivedDataBackendGraph:  CompressedPak pak cache file D:/GameJam/GameJam15/GameJam/DerivedDataCache/Compressed.ddp not found, will not use a pak cache.
[2018.10.17-12.44.46:506][  0]LogDerivedDataCache: Unable to find inner node CompressedPak for hierarchical cache Hierarchy.
[2018.10.17-12.44.46:531][  0]LogDerivedDataCache: Display: Pak cache opened for reading ../../../Engine/DerivedDataCache/Compressed.ddp.
[2018.10.17-12.44.46:544][  0]LogDerivedDataCache: Using Local data cache path C:/Users/Armin/AppData/Local/UnrealEngine/Common/DerivedDataCache: Writable
[2018.10.17-12.44.46:544][  0]LogDerivedDataCache: Shared data cache path not found in *engine.ini, will not use an Shared cache.
[2018.10.17-12.44.46:544][  0]LogDerivedDataCache: Unable to find inner node Shared for hierarchical cache Hierarchy.
[2018.10.17-12.44.46:566][  0]LogMaterial: Verifying Global Shaders for PCD3D_SM5
[2018.10.17-12.44.46:567][  0]LogSlate: Using Freetype 2.6.0
[2018.10.17-12.44.46:567][  0]LogSlate: SlateFontCache - WITH_FREETYPE: 1, WITH_HARFBUZZ: 1
[2018.10.17-12.44.46:568][  0]LogSlate: SlateFontCache - WITH_FREETYPE: 1, WITH_HARFBUZZ: 1
[2018.10.17-12.44.46:769][  0]LogAssetRegistry: FAssetRegistry took 0.0307 seconds to start up
[2018.10.17-12.44.47:416][  0]LogInit: Selected Device Profile: [Windows]
[2018.10.17-12.44.47:716][  0]LogSimplygon: Simplygon DLL not present - disabling.
[2018.10.17-12.44.47:722][  0]LogMeshReduction: Using SimplygonSwarm for distributed automatic mesh merging
[2018.10.17-12.44.47:722][  0]LogMeshReduction: Using QuadricMeshReduction for automatic static mesh reduction
[2018.10.17-12.44.47:722][  0]LogMeshReduction: No automatic skeletal mesh reduction module available
[2018.10.17-12.44.47:722][  0]LogMeshReduction: No automatic mesh merging module available
[2018.10.17-12.44.47:722][  0]LogMeshMerging: No automatic mesh merging module available
[2018.10.17-12.44.47:793][  0]LogNetVersion: GameJam , NetCL: 3944462, EngineNetVer: 2, GameNetVer: 0 (Checksum: 2281863040)
[2018.10.17-12.44.48:679][  0]LogPackageLocalizationCache: Processed 9 localized package path(s) for 2 prioritized culture(s) in 0.166398 seconds
[2018.10.17-12.44.48:690][  0]LogUObjectArray: 36728 objects as part of root set at end of initial load.
[2018.10.17-12.44.48:690][  0]LogUObjectAllocator: 7314304 out of 0 bytes used by permanent object pool.
[2018.10.17-12.44.48:690][  0]LogUObjectArray: CloseDisregardForGC: 0/0 objects in disregard for GC pool
[2018.10.17-12.44.51:446][  0]LogTcpMessaging: Initializing TcpMessaging bridge
[2018.10.17-12.44.51:487][  0]LogUdpMessaging: Initializing bridge on interface 0.0.0.0:0 to multicast group 230.0.0.1:6666.
[2018.10.17-12.44.52:079][  0]SourceControl: Source control is disabled
[2018.10.17-12.44.52:079][  0]SourceControl: Source control is disabled
[2018.10.17-12.44.52:117][  0]SourceControl: Source control is disabled
[2018.10.17-12.44.52:155][  0]SourceControl: Source control is disabled
[2018.10.17-12.44.52:962][  0]LogAndroidPermission: UAndroidPermissionCallbackProxy::GetInstance
[2018.10.17-12.44.53:227][  0]LogOcInput: OculusInput pre-init called
[2018.10.17-12.44.53:407][  0]LogEngine: Initializing Engine...
[2018.10.17-12.44.53:409][  0]LogHMD: Failed to initialize OpenVR with code 110
[2018.10.17-12.44.53:411][  0]LogStats: UGameplayTagsManager::ConstructGameplayTagTree: Construct from data asset -  0.000 s
[2018.10.17-12.44.53:411][  0]LogStats: UGameplayTagsManager::ConstructGameplayTagTree: GameplayTagTreeChangedEvent.Broadcast -  0.000 s
[2018.10.17-12.44.53:751][  0]LogAIModule: Creating AISystem for world Untitled
[2018.10.17-12.44.53:783][  0]LogInit: XAudio2 using 'Speakers / Headphones (Realtek Audio)' : 2 channels at 48 kHz using 32 bits per sample (channel mask 0x3)
[2018.10.17-12.44.54:277][  0]LogInit: FAudioDevice initialized.
[2018.10.17-12.44.54:377][  0]LogDerivedDataCache: Saved boot cache 0.10s 74MB C:/Users/Armin/AppData/Local/UnrealEngine/4.19/DerivedDataCache/Boot.ddc.
[2018.10.17-12.44.54:405][  0]LogInit: Texture streaming: Enabled
[2018.10.17-12.44.54:432][  0]LogEngineSessionManager: EngineSessionManager initialized
[2018.10.17-12.44.54:452][  0]LogInit: Transaction tracking system initialized
[2018.10.17-12.44.54:495][  0]BlueprintLog: New page: Editor Load
[2018.10.17-12.44.54:640][  0]LocalizationService: Localization service is disabled
[2018.10.17-12.44.54:820][  0]LogConsoleResponse: Display: 
[2018.10.17-12.44.55:085][  0]LogCook: Display: Max memory allowance for cook 16384mb min free memory 0mb
[2018.10.17-12.44.55:085][  0]LogCook: Display: Mobile HDR setting 1
[2018.10.17-12.44.55:085][  0]LogGameplayTags: Display: UGameplayTagsManager::DoneAddingNativeTags. DelegateIsBound: 0
[2018.10.17-12.44.55:085][  0]LogStats: UGameplayTagsManager::ConstructGameplayTagTree: Construct from data asset -  0.000 s
[2018.10.17-12.44.55:085][  0]LogStats: UGameplayTagsManager::ConstructGameplayTagTree: GameplayTagTreeChangedEvent.Broadcast -  0.000 s
[2018.10.17-12.44.55:487][  0]LogFileCache: Scanning file cache for directory 'D:/GameJam/GameJam15/GameJam/Content/' took 0.01s
[2018.10.17-12.44.55:792][  0]SourceControl: Source control is disabled
[2018.10.17-12.44.55:793][  0]Cmd: MAP LOAD FILE="D:/GameJam/GameJam15/GameJam/Content/StarterContent/Maps/Minimal_Default.umap" TEMPLATE=0 SHOWPROGRESS=1 FEATURELEVEL=3
[2018.10.17-12.44.55:793][  0]LightingResults: New page: Lighting Build
[2018.10.17-12.44.55:798][  0]MapCheck: New page: Map Check
[2018.10.17-12.44.55:798][  0]LightingResults: New page: Lighting Build
[2018.10.17-12.44.55:920][  0]LogLinker: Warning: Can't find file '/Game/StarterContent/Maps/Minimal_Default_BuiltData'
[2018.10.17-12.44.55:920][  0]LogLinker: Warning: Can't find file for asset '/Game/StarterContent/Maps/Minimal_Default_BuiltData' while loading D:/GameJam/GameJam15/GameJam/Content/StarterContent/Maps/Minimal_Default.umap.
[2018.10.17-12.44.55:921][  0]LoadErrors: Error: /Game/StarterContent/Maps/Minimal_Default : Can't find file for asset. /Game/StarterContent/Maps/Minimal_Default_BuiltData
[2018.10.17-12.44.55:960][  0]LogLinker: Warning: Can't find file '/Game/StarterContent/Maps/Minimal_Default_BuiltData'
[2018.10.17-12.44.55:960][  0]LogLinker: Warning: Can't find file for asset '/Game/StarterContent/Maps/Minimal_Default_BuiltData' while loading D:/GameJam/GameJam15/GameJam/Content/StarterContent/Maps/Minimal_Default.umap.
[2018.10.17-12.44.55:960][  0]LoadErrors: Error: /Game/StarterContent/Maps/Minimal_Default : Can't find file for asset. /Game/StarterContent/Maps/Minimal_Default_BuiltData
[2018.10.17-12.44.55:979][  0]LogLinker: Warning: Can't find file '/Game/StarterContent/Maps/Minimal_Default_BuiltData'
[2018.10.17-12.44.55:979][  0]LogLinker: Warning: Can't find file for asset '/Game/StarterContent/Maps/Minimal_Default_BuiltData' while loading NULL.
[2018.10.17-12.44.55:979][  0]LogLinker: Warning: Can't find file '/Game/StarterContent/Maps/Minimal_Default_BuiltData'
[2018.10.17-12.44.55:980][  0]LogLinker: Warning: Can't find file for asset '/Game/StarterContent/Maps/Minimal_Default_BuiltData' while loading NULL.
[2018.10.17-12.44.55:989][  0]LogLinker: Warning: Can't find file '/Game/StarterContent/Maps/Minimal_Default_BuiltData'
[2018.10.17-12.44.55:989][  0]LoadErrors: Failed to load /Game/StarterContent/Maps/Minimal_Default_BuiltData.Minimal_Default_BuiltData Referenced by PersistentLevel
[2018.10.17-12.44.55:989][  0]LogLinker: Warning: Can't find file for asset '/Game/StarterContent/Maps/Minimal_Default_BuiltData' while loading NULL.
[2018.10.17-12.44.55:989][  0]LoadErrors: Failed to load /Game/StarterContent/Maps/Minimal_Default_BuiltData.Minimal_Default_BuiltData Referenced by PersistentLevel
[2018.10.17-12.44.56:262][  0]LogAIModule: Creating AISystem for world Minimal_Default
[2018.10.17-12.44.56:273][  0]LogEditorServer: Finished looking for orphan Actors (0.000 secs)
[2018.10.17-12.44.56:291][  0]Cmd: MAP CHECKDEP NOCLEARLOG
[2018.10.17-12.44.56:408][  0]MapCheck: Map check complete: 0 Error(s), 0 Warning(s), took 116.855ms to complete.
[2018.10.17-12.44.56:408][  0]LogFileHelpers: Loading map 'Minimal_Default' took 0.616
[2018.10.17-12.44.56:616][  0]LogCollectionManager: Loaded 0 collections in 0.003385 seconds
[2018.10.17-12.44.56:665][  0]LogFileCache: Scanning file cache for directory 'D:/GameJam/GameJam15/GameJam/Saved/Collections/' took 0.01s
[2018.10.17-12.44.56:665][  0]LogFileCache: Scanning file cache for directory 'D:/GameJam/GameJam15/GameJam/Content/Developers/Armin/Collections/' took 0.01s
[2018.10.17-12.44.56:665][  0]LogFileCache: Scanning file cache for directory 'D:/GameJam/GameJam15/GameJam/Content/Collections/' took 0.01s
[2018.10.17-12.44.56:666][  0]LogCollectionManager: Rebuilt the GUID cache for 0 collections in 0.000000 seconds
[2018.10.17-12.44.56:680][  0]LogContentBrowser: Native class hierarchy populated in 0.0145 seconds. Added 2452 classes and 558 folders.
[2018.10.17-12.44.56:695][  0]LogContentBrowser: Native class hierarchy updated for 'WidgetCarousel' in 0.0004 seconds. Added 0 classes and 0 folders.
[2018.10.17-12.44.56:777][  0]LogContentBrowser: Native class hierarchy updated for 'AddContentDialog' in 0.0003 seconds. Added 0 classes and 0 folders.
[2018.10.17-12.44.56:785][  0]LogContentBrowser: Native class hierarchy updated for 'SceneOutliner' in 0.0003 seconds. Added 1 classes and 2 folders.
[2018.10.17-12.44.56:810][  0]LogSlate: Took 0.000268 seconds to synchronously load lazily loaded font '../../../Engine/Content/Slate/Fonts/Roboto-Regular.ttf' (155K)
[2018.10.17-12.44.56:814][  0]LogSlate: Took 0.000339 seconds to synchronously load lazily loaded font '../../../Engine/Content/Slate/Fonts/Roboto-Bold.ttf' (160K)
[2018.10.17-12.44.56:825][  0]LogSlate: Took 0.000437 seconds to synchronously load lazily loaded font '../../../Engine/Content/Editor/Slate/Fonts/FontAwesome.ttf' (139K)
[2018.10.17-12.44.57:021][  0]LogRenderer: Reallocating scene render targets to support 804x392 Format 10 NumSamples 1 (Frame:1).
[2018.10.17-12.44.59:156][  0]LogContentBrowser: Native class hierarchy updated for 'HierarchicalLODOutliner' in 0.0003 seconds. Added 0 classes and 0 folders.
[2018.10.17-12.44.59:156][  0]LogLoad: (Engine Initialization) Total time: 20.90 seconds
[2018.10.17-12.44.59:156][  0]LogLoad: (Engine Initialization) Total Blueprint compile time: 0.00 seconds
[2018.10.17-12.44.59:175][  0]LogWindowsTextInputMethodSystem: Display: IME system now deactivated.
[2018.10.17-12.44.59:197][  0]LogContentStreaming: Texture pool size now 1000 MB
[2018.10.17-12.44.59:206][  0]LogSlate: FSceneViewport::OnFocusLost() reason 2
[2018.10.17-12.44.59:269][  0]LogSlate: Took 0.000336 seconds to synchronously load lazily loaded font '../../../Engine/Content/Slate/Fonts/Roboto-Light.ttf' (167K)
[2018.10.17-12.44.59:602][  2]LogAssetRegistry: Asset discovery search completed in 12.8548 seconds
[2018.10.17-12.44.59:607][  2]LogCollectionManager: Rebuilt the object cache for 0 collections in 0.000001 seconds (found 0 objects)
[2018.10.17-12.44.59:607][  2]LogCollectionManager: Fixed up redirectors for 0 collections in 0.000134 seconds (updated 0 objects)
[2018.10.17-12.45.04:812][141]LogSlate: Window 'Message Log' being destroyed
[2018.10.17-12.45.04:822][141]LogSlate: Window 'Message Log' being destroyed
[2018.10.17-12.45.05:580][166]LogSlate: FSceneViewport::OnFocusLost() reason 0
[2018.10.17-12.46.32:006][286]LogSlate: Took 0.000406 seconds to synchronously load lazily loaded font '../../../Engine/Content/Slate/Fonts/Roboto-Light.ttf' (167K)
[2018.10.17-12.46.35:687][286]LogSlate: Window 'Save Content' being destroyed
[2018.10.17-12.46.35:804][286]Cmd: OBJ SAVEPACKAGE PACKAGE="/Game/Levels/Armin" FILE="D:/GameJam/GameJam15/GameJam/Content/Levels/Armin.umap" SILENT=true AUTOSAVING=false KEEPDIRTY=false
[2018.10.17-12.46.35:840][286]LogSavePackage: Save=16.01ms
[2018.10.17-12.46.35:840][286]LogSavePackage: Moving 'D:/GameJam/GameJam15/GameJam/Saved/ArminFA7F879A4CE1F005823217A45B2377D1.tmp' to 'D:/GameJam/GameJam15/GameJam/Content/Levels/Armin.umap'
[2018.10.17-12.46.35:849][286]LogSavePackage: Display: Finished SavePackage D:/GameJam/GameJam15/GameJam/Content/Levels/Armin.umap
[2018.10.17-12.46.35:850][286]LogFileHelpers: Saving map 'Armin' took 0.150
[2018.10.17-12.46.35:853][286]Cmd: MAP LOAD FILE="D:/GameJam/GameJam15/GameJam/Content/Levels/Armin.umap" TEMPLATE=0 SHOWPROGRESS=1 FEATURELEVEL=3
[2018.10.17-12.46.35:854][286]LightingResults: New page: Lighting Build
[2018.10.17-12.46.35:855][286]LoadErrors: New page: Loading map: Armin.umap
[2018.10.17-12.46.35:857][286]MapCheck: New page: Map Check
[2018.10.17-12.46.35:857][286]LightingResults: New page: Lighting Build
[2018.10.17-12.46.35:877][286]LogEditorServer: Finished looking for orphan Actors (0.000 secs)
[2018.10.17-12.46.35:877][286]LogAIModule: Creating AISystem for world Armin
[2018.10.17-12.46.35:937][286]Cmd: MAP CHECKDEP NOCLEARLOG
[2018.10.17-12.46.36:033][286]MapCheck: Map check complete: 0 Error(s), 0 Warning(s), took 96.239ms to complete.
[2018.10.17-12.46.36:035][286]LogFileHelpers: Loading map 'Armin' took 0.183
[2018.10.17-12.46.44:238][652]LogSlate: FSceneViewport::OnFocusLost() reason 0
[2018.10.17-12.46.44:777][657]LogActorFactory: Actor Factory created Cube
[2018.10.17-12.46.44:934][659]LogActorFactory: Actor Factory created Cube
[2018.10.17-12.46.53:719][973]LogSlate: FSceneViewport::OnFocusLost() reason 0
[2018.10.17-12.47.03:704][268]LogSlate: FSceneViewport::OnFocusLost() reason 0
[2018.10.17-12.47.09:500][485]LogSlate: FSceneViewport::OnFocusLost() reason 0
[2018.10.17-12.47.40:397][630]LogSlate: FSceneViewport::OnFocusLost() reason 0
[2018.10.17-12.47.46:487][827]LogSlate: FSceneViewport::OnFocusLost() reason 0
[2018.10.17-12.48.03:306][459]LogEditorActor: Deleted Actor: SkyLight
[2018.10.17-12.48.03:326][459]LogEditorActor: Deleted 1 Actors (0.037 secs)
[2018.10.17-12.49.02:951][ 93]LogEditorViewport: Clicking on Actor (LMB): StaticMeshActor (Cube)
[2018.10.17-12.49.24:890][995]LogSlate: FSceneViewport::OnFocusLost() reason 0
[2018.10.17-12.49.24:986][  0]MapCheck: New page: Map Check
[2018.10.17-12.49.25:038][  0]Cmd: MAP REBUILD ALLVISIBLE
[2018.10.17-12.49.25:039][  0]LogEditorServer: Rebuildmap Clear paths rebuilt
[2018.10.17-12.49.25:094][  0]LogMaterial: Missing cached shader map for material FDebugViewModeMaterialProxy BasicShapeMaterial, compiling. 
[2018.10.17-12.49.25:114][  0]LogMaterial: Missing cached shader map for material FDebugViewModeMaterialProxy MaterialInstanceDynamic_25, compiling. 
[2018.10.17-12.49.26:006][  0]LogShaderCompilers: Display: Shaders left to compile 1
[2018.10.17-12.49.26:006][  0]LogShaderCompilers: Display: Shaders left to compile 1
[2018.10.17-12.49.26:006][  0]TextureStreamingBuild: Display: Compiling optional shaders took 0.921 seconds.
[2018.10.17-12.49.26:046][  0]LogLevel: Display: Export Material TexCoord Scales took 0.040 seconds.
[2018.10.17-12.49.26:052][  0]TextureStreamingBuild: Display: Build Texture Streaming took 0.006 seconds.
[2018.10.17-12.49.26:066][  0]LightingResults: New page: Lighting Build - 17 Oct 2018 14:49:26
[2018.10.17-12.49.26:167][  0]LogSwarmInterface: [OpenConnection] Registering TCP channel ...
[2018.10.17-12.49.26:330][  0]LogSwarmInterface: [OpenConnection] Connecting to agent ...
[2018.10.17-12.49.26:359][  0]LogSwarmInterface: [TryOpenConnection] Testing the Agent
[2018.10.17-12.49.27:403][  0]LogSwarmInterface: [TryOpenConnection] Opening Connection to Agent
[2018.10.17-12.49.27:403][  0]LogSwarmInterface: [TryOpenConnection] Local Process ID is 7436
[2018.10.17-12.49.31:716][  0]LogStaticLightingSystem: Warning: No importance volume found, so the scene bounding box was used.  You can optimize your scene's quality and lighting build times by adding importance volumes.
[2018.10.17-12.49.31:718][  0]LogStaticLightingSystem: Running Lightmass w/ ImmediateImport mode ENABLED
[2018.10.17-12.49.31:718][  0]LogStaticLightingSystem: Running Lightmass w/ ImmediateProcess mode ENABLED
[2018.10.17-12.49.31:718][  0]LogStaticLightingSystem: Running Lightmass w/ Sorting mode ENABLED
[2018.10.17-12.49.31:718][  0]LogStaticLightingSystem: Running Lightmass w/ Mapping paddings ENABLED
[2018.10.17-12.49.31:718][  0]LogStaticLightingSystem: Running Lightmass w/ Mapping debug paddings DISABLED
[2018.10.17-12.49.31:825][  0]Cmd: MAP CHECK DONTDISPLAYDIALOG
[2018.10.17-12.49.31:825][  0]MapCheck: New page: Armin - 17 Oct 2018 14:49:31
[2018.10.17-12.49.31:825][  0]MapCheck: Error: WorldSettings Maps need lighting rebuilt 
[2018.10.17-12.49.31:882][  0]MapCheck: Map check complete: 1 Error(s), 0 Warning(s), took 56.455ms to complete.
[2018.10.17-12.49.31:905][  0]LogEditorBuildUtils: Build time 0:06
[2018.10.17-12.49.31:975][  0]LogMaterial: Missing cached shader map for material FLightmassMaterialRenderer BasicShapeMaterial, compiling. 
[2018.10.17-12.49.31:983][  0]LogMaterial: Missing cached shader map for material FLightmassMaterialRenderer BasicShapeMaterial, compiling. 
[2018.10.17-12.49.32:024][  0]LogShaderCompilers: Display: Shaders left to compile 4
[2018.10.17-12.49.32:057][  1]LogMaterial: Missing cached shader map for material FLightmassMaterialRenderer MaterialInstanceDynamic_25, compiling. 
[2018.10.17-12.49.32:067][  1]LogShaderCompilers: Display: Shaders left to compile 2
[2018.10.17-12.49.32:067][  1]LogMaterial: Missing cached shader map for material FLightmassMaterialRenderer MaterialInstanceDynamic_25, compiling. 
[2018.10.17-12.49.32:084][  1]LogShaderCompilers: Display: Shaders left to compile 2
[2018.10.17-12.49.32:121][  2]LogMaterial: Missing cached shader map for material FLightmassMaterialRenderer WorldGridMaterial, compiling. Is special engine material.
[2018.10.17-12.49.32:139][  2]LogShaderCompilers: Display: Shaders left to compile 2
[2018.10.17-12.49.32:140][  2]LogMaterial: Missing cached shader map for material FLightmassMaterialRenderer WorldGridMaterial, compiling. Is special engine material.
[2018.10.17-12.49.32:957][  3]LogShaderCompilers: Display: Shaders left to compile 2
[2018.10.17-12.49.35:056][ 50]Job is a success!
[2018.10.17-12.49.35:198][ 51]LogVolumetricLightmapImport: Imported Volumetric Lightmap in 0.016s
[2018.10.17-12.49.35:198][ 51]LogVolumetricLightmapImport:      Indirection Texture 16x16x16 = 0.0Mb
[2018.10.17-12.49.35:198][ 51]LogVolumetricLightmapImport:      BrickData 15x5x5 = 0.0Mb
[2018.10.17-12.49.35:198][ 51]LogVolumetricLightmapImport:      Bricks at Level
[2018.10.17-12.49.35:198][ 51]LogVolumetricLightmapImport:          0: 33.3% covering 100.0% of volume
[2018.10.17-12.49.35:198][ 51]LogVolumetricLightmapImport:          1: 33.3% covering 1.6% of volume
[2018.10.17-12.49.35:198][ 51]LogVolumetricLightmapImport:          2: 33.3% covering 0.0% of volume
[2018.10.17-12.49.35:231][ 51]LogTexture: Display: Building textures: LQ_Lightmap_0_1 (DXT1, 128X128)
[2018.10.17-12.49.35:231][ 51]LogTexture: Display: Building textures: HQ_Lightmap0_1 (AutoDXT, 128X128)
[2018.10.17-12.49.35:231][ 51]LogTexture: Display: Building textures: HQ_Lightmap0_2 (AutoDXT, 64X64)
[2018.10.17-12.49.35:231][ 51]LogTexture: Display: Building textures: LQ_Lightmap_0_2 (DXT1, 64X64)
[2018.10.17-12.49.35:231][ 51]LogTexture: Display: Building textures: ShadowMapTexture2D_1 (G8, 32X32)
[2018.10.17-12.49.35:231][ 51]LogTexture: Display: Building textures: ShadowMapTexture2D_0 (G8, 64X64)
[2018.10.17-12.49.35:291][ 51]Lightmass on 045LPDL-60851: 1.22 sec total, 194 ms importing, 28 ms setup, 396 ms photons, 580 ms processing, 0 ms extra exporting [2/2 mappings]. Threads: 3.90 sec total, 124 ms processing.
[2018.10.17-12.49.35:320][ 51]LogStaticLightingSystem: Illumination: 9.18 sec (6 ms encoding lightmaps, 11 ms encoding shadowmaps)
[2018.10.17-12.49.35:320][ 51]LogStaticLightingSystem: Lightmap texture memory:  0.0 MB (0.0 MB streaming, 0.0 MB non-streaming), 4 textures
[2018.10.17-12.49.35:320][ 51]LogStaticLightingSystem: Shadowmap texture memory: 0.0 MB (0.0 MB streaming, 0.0 MB non-streaming), 2 textures
[2018.10.17-12.49.35:728][ 51]DumpUnbuiltLightIteractions
[2018.10.17-12.49.35:728][ 51]Lights with unbuilt interactions: 0
[2018.10.17-12.49.35:728][ 51]
[2018.10.17-12.49.35:728][ 51]Primitives with unbuilt interactions: 0
[2018.10.17-12.49.35:761][ 52]Cmd: MAP CHECK NOTIFYRESULTS
[2018.10.17-12.49.35:761][ 52]MapCheck: New page: Armin - 17 Oct 2018 14:49:35
[2018.10.17-12.49.35:826][ 52]MapCheck: Map check complete: 0 Error(s), 0 Warning(s), took 65.316ms to complete.
[2018.10.17-12.49.38:083][138]LogSlate: Window 'Message Log' being destroyed
[2018.10.17-12.49.38:089][138]LogSlate: Window 'Message Log' being destroyed
[2018.10.17-12.49.52:733][789]LogEditorViewport: Clicking on Actor (LMB): BP_Sky_Sphere_C (BP_Sky_Sphere)
[2018.10.17-12.50.04:765][280]LogSlate: FSceneViewport::OnFocusLost() reason 2
[2018.10.17-12.50.11:767][612]LogTemp: Repeating last play command: Selected Viewport
[2018.10.17-12.50.11:800][612]LogPlayLevel: PlayLevel: No blueprints needed recompiling
[2018.10.17-12.50.11:802][612]PIE: New page: PIE session: Armin (17 Oct 2018 14:50:11)
[2018.10.17-12.50.11:803][612]LogPlayLevel: Creating play world package: /Game/Levels/UEDPIE_0_Armin
[2018.10.17-12.50.11:806][612]LogPlayLevel: PIE: StaticDuplicateObject took: (0.003457s)
[2018.10.17-12.50.11:807][612]LogAIModule: Creating AISystem for world Armin
[2018.10.17-12.50.11:808][612]LogPlayLevel: PIE: World Init took: (0.001404s)
[2018.10.17-12.50.11:808][612]LogPlayLevel: PIE: Created PIE world by copying editor world from /Game/Levels/Armin.Armin to /Game/Levels/UEDPIE_0_Armin.Armin (0.005181s)
[2018.10.17-12.50.11:840][612]LogInit: XAudio2 using 'Speakers / Headphones (Realtek Audio)' : 2 channels at 48 kHz using 32 bits per sample (channel mask 0x3)
[2018.10.17-12.50.11:947][612]LogInit: FAudioDevice initialized.
[2018.10.17-12.50.12:001][612]LogLoad: Game class is 'GameModeBase'
[2018.10.17-12.50.12:014][612]LogWorld: Bringing World /Game/Levels/UEDPIE_0_Armin.Armin up for play (max tick rate 60) at 2018.10.17-13.50.12
[2018.10.17-12.50.12:015][612]LogWorld: Bringing up level for play took: 0.001808
[2018.10.17-12.50.12:032][612]LogContentBrowser: Native class hierarchy updated for 'MovieSceneCapture' in 0.0003 seconds. Added 11 classes and 0 folders.
[2018.10.17-12.50.12:036][612]PIE: Play in editor start time for /Game/Levels/UEDPIE_0_Armin -0.063
[2018.10.17-12.50.26:037][429]Set new viewmode: Wireframe
[2018.10.17-12.50.26:248][442]Set new viewmode: Wireframe
[2018.10.17-12.50.27:497][517]Set new viewmode: Wireframe
[2018.10.17-12.50.27:898][541]Set new viewmode: Wireframe
[2018.10.17-12.50.28:215][560]Set new viewmode: Wireframe
[2018.10.17-12.50.28:481][576]Set new viewmode: Unlit
[2018.10.17-12.50.30:515][698]Set new viewmode: Lit
[2018.10.17-12.50.31:548][760]Set new viewmode: Unlit
[2018.10.17-12.50.33:065][851]Set new viewmode: Lit
[2018.10.17-12.50.33:464][875]Set new viewmode: Lit_DetailLighting
[2018.10.17-12.50.34:098][913]Set new viewmode: Lit
[2018.10.17-12.50.39:442][169]LogSlate: FSceneViewport::OnFocusLost() reason 2
[2018.10.17-12.50.51:548][622]LogSlate: Window 'Save Content' being destroyed
[2018.10.17-12.50.53:515][711]LogSlate: FSceneViewport::OnFocusLost() reason 0
[2018.10.17-12.50.57:153][875]LogMaterial: Missing cached shader map for material LayerVisMaterial, compiling. 
[2018.10.17-12.50.57:188][875]LogShaderCompilers: Display: Shaders left to compile 8
[2018.10.17-12.50.57:188][875]LogMaterial: Missing cached shader map for material SelectBrushMaterial, compiling. 
[2018.10.17-12.50.57:223][875]LogShaderCompilers: Display: Shaders left to compile 20
[2018.10.17-12.50.57:223][875]LogShaderCompilers: Display: Shaders left to compile 10
[2018.10.17-12.50.57:223][875]LogMaterial: Missing cached shader map for material SelectBrushMaterial, compiling. 
[2018.10.17-12.50.57:265][875]LogShaderCompilers: Display: Shaders left to compile 20
[2018.10.17-12.50.57:265][875]LogMaterial: Missing cached shader map for material MaskBrushMaterial, compiling. 
[2018.10.17-12.50.57:310][875]LogMaterial: Missing cached shader map for material LandscapeLayerUsageMaterial, compiling. 
[2018.10.17-12.50.57:359][875]LogMaterial: Missing cached shader map for material CircleBrushMaterial, compiling. 
[2018.10.17-12.50.57:373][875]LogMaterial: Missing cached shader map for material CircleBrushMaterial, compiling. 
[2018.10.17-12.50.57:391][875]LogMaterial: Missing cached shader map for material CircleBrushMaterial, compiling. 
[2018.10.17-12.50.57:408][875]LogMaterial: Missing cached shader map for material CircleBrushMaterial, compiling. 
[2018.10.17-12.50.57:431][875]LogMaterial: Missing cached shader map for material AlphaBrushMaterial, compiling. 
[2018.10.17-12.50.57:450][875]LogMaterial: Missing cached shader map for material CircleBrushMaterial, compiling. 
[2018.10.17-12.50.57:470][875]LogMaterial: Missing cached shader map for material MaskBrushMaterial, compiling. 
[2018.10.17-12.50.57:491][875]LogTexture: Display: Building textures: Texture2D_2 (G8, 128X128)
[2018.10.17-12.51.02:964][ 75]LogShaderCompilers: Display: Shaders left to compile 178
[2018.10.17-12.51.05:884][186]LogShaderCompilers: Display: Shaders left to compile 168
[2018.10.17-12.51.06:133][195]LogShaderCompilers: Display: Shaders left to compile 158
[2018.10.17-12.51.06:152][196]LogShaderCompilers: Display: Shaders left to compile 148
[2018.10.17-12.51.10:900][373]LogShaderCompilers: Display: Shaders left to compile 138
[2018.10.17-12.51.12:638][435]LogShaderCompilers: Display: Shaders left to compile 128
[2018.10.17-12.51.13:826][478]LogSlate: FSceneViewport::OnFocusLost() reason 2
[2018.10.17-12.51.14:008][486]LogShaderCompilers: Display: Shaders left to compile 118
[2018.10.17-12.51.14:090][489]LogShaderCompilers: Display: Shaders left to compile 108
[2018.10.17-12.51.19:572][698]LogShaderCompilers: Display: Shaders left to compile 98
[2018.10.17-12.51.21:029][752]LogShaderCompilers: Display: Shaders left to compile 88
[2018.10.17-12.51.22:298][802]LogShaderCompilers: Display: Shaders left to compile 78
[2018.10.17-12.51.22:399][806]LogShaderCompilers: Display: Shaders left to compile 68
[2018.10.17-12.51.27:575][  8]LogShaderCompilers: Display: Shaders left to compile 58
[2018.10.17-12.51.28:850][ 54]LogShaderCompilers: Display: Shaders left to compile 48
[2018.10.17-12.51.30:121][105]LogShaderCompilers: Display: Shaders left to compile 38
[2018.10.17-12.51.30:243][110]LogShaderCompilers: Display: Shaders left to compile 28
[2018.10.17-12.51.35:669][320]LogShaderCompilers: Display: Shaders left to compile 18
[2018.10.17-12.51.37:124][373]LogShaderCompilers: Display: Shaders left to compile 8
[2018.10.17-12.51.43:902][652]Cmd: OBJ SAVEPACKAGE PACKAGE="/Game/Levels/Armin" FILE="D:/GameJam/GameJam15/GameJam/Content/Levels/Armin.umap" SILENT=true AUTOSAVING=false KEEPDIRTY=false
[2018.10.17-12.51.43:956][652]LogSavePackage: Save=23.25ms
[2018.10.17-12.51.43:956][652]LogSavePackage: Moving 'D:/GameJam/GameJam15/GameJam/Saved/ArminD9BBC9FE4F2629402E203DA1C1D2A6AC.tmp' to 'D:/GameJam/GameJam15/GameJam/Content/Levels/Armin.umap'
[2018.10.17-12.51.43:964][652]LogSavePackage: Display: Finished SavePackage D:/GameJam/GameJam15/GameJam/Content/Levels/Armin.umap
[2018.10.17-12.51.44:016][652]Cmd: OBJ SAVEPACKAGE PACKAGE="/Game/Levels/Armin_BuiltData" FILE="D:/GameJam/GameJam15/GameJam/Content/Levels/Armin_BuiltData.uasset" SILENT=true
[2018.10.17-12.51.44:047][652]LogSavePackage: Save=24.85ms
[2018.10.17-12.51.44:047][652]LogSavePackage: Moving 'D:/GameJam/GameJam15/GameJam/Saved/Armin_BuiltDataA919F6D247DDBD84B83F51A9873A3F39.tmp' to 'D:/GameJam/GameJam15/GameJam/Content/Levels/Armin_BuiltData.uasset'
[2018.10.17-12.51.44:053][652]LogSavePackage: Display: Finished SavePackage D:/GameJam/GameJam15/GameJam/Content/Levels/Armin_BuiltData.uasset
[2018.10.17-12.57.59:722][905]LogSlate: FSceneViewport::OnFocusLost() reason 0
[2018.10.17-12.57.59:862][908]LogSlate: Window 'GameJam - Unreal Editor' being destroyed
[2018.10.17-12.58.00:057][909]Cmd: QUIT_EDITOR
[2018.10.17-12.58.00:331][909]LogWindowsTextInputMethodSystem: Display: IME system now deactivated.
[2018.10.17-12.58.00:339][909]LogSlate: Slate User Destroyed.  User Index 0, Is Virtual User: 0
[2018.10.17-12.58.00:339][909]LogExit: Preparing to exit.
[2018.10.17-12.58.00:929][909]LogExit: Editor shut down
[2018.10.17-12.58.00:932][909]LogExit: Transaction tracking system shut down
[2018.10.17-12.58.01:041][909]LogDirectoryWatcher: A directory notification for '../../../Engine/Content/' was aborted.
[2018.10.17-12.58.01:042][909]LogDirectoryWatcher: A directory notification for 'D:/GameJam/GameJam15/GameJam/Content/' was aborted.
[2018.10.17-12.58.01:042][909]LogDirectoryWatcher: A directory notification for '../../Plugins/2D/Paper2D/Content/' was aborted.
[2018.10.17-12.58.01:042][909]LogDirectoryWatcher: A directory notification for '../../Plugins/Enterprise/DatasmithContent/Content/' was aborted.
[2018.10.17-12.58.01:042][909]LogDirectoryWatcher: A directory notification for '../../Plugins/Media/MediaCompositing/Content/' was aborted.
[2018.10.17-12.58.01:042][909]LogDirectoryWatcher: A directory notification for '../../Plugins/Runtime/AppleARKit/Content/' was aborted.
[2018.10.17-12.58.01:042][909]LogDirectoryWatcher: A directory notification for '../../Plugins/Runtime/Oculus/OculusVR/Content/' was aborted.
[2018.10.17-12.58.01:042][909]LogDirectoryWatcher: A directory notification for '../../Plugins/Runtime/Steam/SteamVR/Content/' was aborted.
[2018.10.17-12.58.01:100][909]LogExit: Object subsystem successfully closed.
[2018.10.17-12.58.01:121][909]LogShaderCompilers: Display: Shaders left to compile 0
[2018.10.17-12.58.01:127][909]LogD3D11RHI: Shutdown
[2018.10.17-12.58.01:127][909]LogD3D11RHI: CleanupD3DDevice
[2018.10.17-12.58.01:144][909]LogD3D11RHI: ~FD3D11DynamicRHI
[2018.10.17-12.58.01:166][909]LogModuleManager: Shutting down and abandoning module MovieSceneCapture (578)
[2018.10.17-12.58.01:166][909]LogModuleManager: Shutting down and abandoning module HierarchicalLODUtilities (576)
[2018.10.17-12.58.01:166][909]LogModuleManager: Shutting down and abandoning module HierarchicalLODOutliner (574)
[2018.10.17-12.58.01:166][909]LogModuleManager: Shutting down and abandoning module SceneOutliner (572)
[2018.10.17-12.58.01:166][909]LogModuleManager: Shutting down and abandoning module AddContentDialog (570)
[2018.10.17-12.58.01:166][909]LogDirectoryWatcher: A directory notification for 'C:/Program Files/Epic Games/UE_4.19/FeaturePacks/' was aborted.
[2018.10.17-12.58.01:167][909]LogModuleManager: Shutting down and abandoning module WidgetCarousel (569)
[2018.10.17-12.58.01:167][909]LogModuleManager: Shutting down and abandoning module EditorWidgets (566)
[2018.10.17-12.58.01:167][909]LogModuleManager: Shutting down and abandoning module CollectionManager (564)
[2018.10.17-12.58.01:167][909]LogDirectoryWatcher: A directory notification for 'D:/GameJam/GameJam15/GameJam/Content/Collections/' was aborted.
[2018.10.17-12.58.01:167][909]LogDirectoryWatcher: A directory notification for 'D:/GameJam/GameJam15/GameJam/Content/Developers/Armin/Collections/' was aborted.
[2018.10.17-12.58.01:167][909]LogDirectoryWatcher: A directory notification for 'D:/GameJam/GameJam15/GameJam/Saved/Collections/' was aborted.
[2018.10.17-12.58.01:167][909]LogModuleManager: Shutting down and abandoning module StatsViewer (562)
[2018.10.17-12.58.01:167][909]LogModuleManager: Shutting down and abandoning module FoliageEdit (560)
[2018.10.17-12.58.01:167][909]LogModuleManager: Shutting down and abandoning module LandscapeEditor (558)
[2018.10.17-12.58.01:167][909]LogModuleManager: Shutting down and abandoning module MeshPaintMode (556)
[2018.10.17-12.58.01:167][909]LogModuleManager: Shutting down and abandoning module SceneDepthPickerMode (554)
[2018.10.17-12.58.01:168][909]LogModuleManager: Shutting down and abandoning module ActorPickerMode (552)
[2018.10.17-12.58.01:168][909]LogModuleManager: Shutting down and abandoning module GeometryMode (550)
[2018.10.17-12.58.01:168][909]LogModuleManager: Shutting down and abandoning module TextureAlignMode (548)
[2018.10.17-12.58.01:168][909]LogModuleManager: Shutting down and abandoning module BspMode (546)
[2018.10.17-12.58.01:168][909]LogModuleManager: Shutting down and abandoning module PIEPreviewDeviceProfileSelector (544)
[2018.10.17-12.58.01:168][909]LogModuleManager: Shutting down and abandoning module HardwareSurvey (542)
[2018.10.17-12.58.01:168][909]LogModuleManager: Shutting down and abandoning module SequenceRecorderSections (540)
[2018.10.17-12.58.01:168][909]LogModuleManager: Shutting down and abandoning module AutomationWorker (538)
[2018.10.17-12.58.01:168][909]LogModuleManager: Shutting down and abandoning module AudioCaptureEditor (536)
[2018.10.17-12.58.01:168][909]LogModuleManager: Shutting down and abandoning module SequenceRecorder (535)
[2018.10.17-12.58.01:168][909]LogModuleManager: Shutting down and abandoning module MatineeToLevelSequence (532)
[2018.10.17-12.58.01:168][909]LogModuleManager: Shutting down and abandoning module LevelSequenceEditor (530)
[2018.10.17-12.58.01:168][909]LogModuleManager: Shutting down and abandoning module PlacementMode (529)
[2018.10.17-12.58.01:168][909]LogModuleManager: Shutting down and abandoning module MaterialEditor (528)
[2018.10.17-12.58.01:168][909]LogModuleManager: Shutting down and abandoning module WmfMediaFactory (524)
[2018.10.17-12.58.01:168][909]LogModuleManager: Shutting down and abandoning module WmfMediaEditor (522)
[2018.10.17-12.58.01:168][909]LogModuleManager: Shutting down and abandoning module MediaPlayerEditor (520)
[2018.10.17-12.58.01:168][909]LogModuleManager: Shutting down and abandoning module OpenExrWrapper (518)
[2018.10.17-12.58.01:168][909]LogModuleManager: Shutting down and abandoning module ImgMediaFactory (516)
[2018.10.17-12.58.01:168][909]LogModuleManager: Shutting down and abandoning module ImgMediaEditor (514)
[2018.10.17-12.58.01:168][909]LogModuleManager: Shutting down and abandoning module AvfMediaFactory (512)
[2018.10.17-12.58.01:168][909]LogModuleManager: Shutting down and abandoning module AvfMediaEditor (510)
[2018.10.17-12.58.01:168][909]LogModuleManager: Shutting down and abandoning module AndroidMediaFactory (508)
[2018.10.17-12.58.01:168][909]LogModuleManager: Shutting down and abandoning module AndroidMediaEditor (506)
[2018.10.17-12.58.01:168][909]LogModuleManager: Shutting down and abandoning module CharacterAI (504)
[2018.10.17-12.58.01:168][909]LogModuleManager: Shutting down and abandoning module SmartSnapping (502)
[2018.10.17-12.58.01:168][909]LogModuleManager: Shutting down and abandoning module SessionServices (500)
[2018.10.17-12.58.01:168][909]LogModuleManager: Shutting down and abandoning module ViewportSnapping (498)
[2018.10.17-12.58.01:168][909]LogModuleManager: Shutting down and abandoning module ViewportInteraction (496)
[2018.10.17-12.58.01:168][909]LogModuleManager: Shutting down and abandoning module ClothPainter (494)
[2018.10.17-12.58.01:168][909]LogModuleManager: Shutting down and abandoning module SkeletalMeshEditor (493)
[2018.10.17-12.58.01:168][909]LogModuleManager: Shutting down and abandoning module LogVisualizer (490)
[2018.10.17-12.58.01:168][909]LogModuleManager: Shutting down and abandoning module IntroTutorials (488)
[2018.10.17-12.58.01:169][909]LogModuleManager: Shutting down and abandoning module GameProjectGeneration (487)
[2018.10.17-12.58.01:169][909]LogModuleManager: Shutting down and abandoning module IOSPlatformEditor (484)
[2018.10.17-12.58.01:169][909]LogModuleManager: Shutting down and abandoning module HTML5PlatformEditor (482)
[2018.10.17-12.58.01:169][909]LogModuleManager: Shutting down and abandoning module AndroidPlatformEditor (480)
[2018.10.17-12.58.01:169][909]LogModuleManager: Shutting down and abandoning module AndroidDeviceDetection (479)
[2018.10.17-12.58.01:196][909]LogModuleManager: Shutting down and abandoning module WindowsPlatformEditor (476)
[2018.10.17-12.58.01:196][909]LogModuleManager: Shutting down and abandoning module IOSRuntimeSettings (474)
[2018.10.17-12.58.01:196][909]LogModuleManager: Shutting down and abandoning module AndroidRuntimeSettings (472)
[2018.10.17-12.58.01:196][909]LogModuleManager: Shutting down and abandoning module InputBindingEditor (470)
[2018.10.17-12.58.01:196][909]LogModuleManager: Shutting down and abandoning module MergeActors (468)
[2018.10.17-12.58.01:196][909]LogModuleManager: Shutting down and abandoning module LocalizationDashboard (466)
[2018.10.17-12.58.01:196][909]LogModuleManager: Shutting down and abandoning module LocalizationService (465)
[2018.10.17-12.58.01:196][909]LogModuleManager: Shutting down and abandoning module HardwareTargeting (462)
[2018.10.17-12.58.01:196][909]LogModuleManager: Shutting down and abandoning module DeviceProfileEditor (460)
[2018.10.17-12.58.01:196][909]LogModuleManager: Shutting down and abandoning module UndoHistory (458)
[2018.10.17-12.58.01:196][909]LogModuleManager: Shutting down and abandoning module XmlParser (456)
[2018.10.17-12.58.01:197][909]LogModuleManager: Shutting down and abandoning module Blutility (454)
[2018.10.17-12.58.01:197][909]LogModuleManager: Shutting down and abandoning module ProjectSettingsViewer (452)
[2018.10.17-12.58.01:197][909]LogModuleManager: Shutting down and abandoning module ProjectTargetPlatformEditor (451)
[2018.10.17-12.58.01:197][909]LogModuleManager: Shutting down and abandoning module EditorSettingsViewer (448)
[2018.10.17-12.58.01:197][909]LogModuleManager: Shutting down and abandoning module SettingsEditor (446)
[2018.10.17-12.58.01:197][909]LogModuleManager: Shutting down and abandoning module ProjectLauncher (444)
[2018.10.17-12.58.01:197][909]LogModuleManager: Shutting down and abandoning module SessionFrontend (442)
[2018.10.17-12.58.01:197][909]LogModuleManager: Shutting down and abandoning module ProfilerClient (440)
[2018.10.17-12.58.01:197][909]LogModuleManager: Shutting down and abandoning module DeviceManager (438)
[2018.10.17-12.58.01:197][909]LogModuleManager: Shutting down and abandoning module TargetDeviceServices (437)
[2018.10.17-12.58.01:261][909]LogModuleManager: Shutting down and abandoning module AutomationController (434)
[2018.10.17-12.58.01:261][909]LogModuleManager: Shutting down and abandoning module AutomationWindow (432)
[2018.10.17-12.58.01:261][909]LogModuleManager: Shutting down and abandoning module Layers (430)
[2018.10.17-12.58.01:261][909]LogModuleManager: Shutting down and abandoning module ComponentVisualizers (428)
[2018.10.17-12.58.01:261][909]LogModuleManager: Shutting down and abandoning module DetailCustomizations (426)
[2018.10.17-12.58.01:261][909]LogModuleManager: Shutting down and abandoning module PackagesDialog (424)
[2018.10.17-12.58.01:261][909]LogModuleManager: Shutting down and abandoning module Persona (422)
[2018.10.17-12.58.01:261][909]LogModuleManager: Shutting down and abandoning module AdvancedPreviewScene (421)
[2018.10.17-12.58.01:261][909]LogModuleManager: Shutting down and abandoning module AnimGraph (419)
[2018.10.17-12.58.01:261][909]LogModuleManager: Shutting down and abandoning module Kismet (416)
[2018.10.17-12.58.01:261][909]LogModuleManager: Shutting down and abandoning module GraphEditor (414)
[2018.10.17-12.58.01:261][909]LogModuleManager: Shutting down and abandoning module ClassViewer (412)
[2018.10.17-12.58.01:261][909]LogModuleManager: Shutting down and abandoning module Toolbox (410)
[2018.10.17-12.58.01:261][909]LogModuleManager: Shutting down and abandoning module ModuleUI (408)
[2018.10.17-12.58.01:261][909]LogModuleManager: Shutting down and abandoning module MovieSceneTools (406)
[2018.10.17-12.58.01:261][909]LogModuleManager: Shutting down and abandoning module OutputLog (404)
[2018.10.17-12.58.01:261][909]LogModuleManager: Shutting down and abandoning module GammaUI (402)
[2018.10.17-12.58.01:261][909]LogModuleManager: Shutting down and abandoning module Documentation (400)
[2018.10.17-12.58.01:261][909]LogModuleManager: Shutting down and abandoning module MovieSceneTracks (398)
[2018.10.17-12.58.01:262][909]LogModuleManager: Shutting down and abandoning module MovieScene (396)
[2018.10.17-12.58.01:262][909]LogModuleManager: Shutting down and abandoning module StreamingPauseRendering (394)
[2018.10.17-12.58.01:262][909]LogModuleManager: Shutting down and abandoning module LauncherPlatform (392)
[2018.10.17-12.58.01:262][909]LogModuleManager: Shutting down and abandoning module AnalyticsET (390)
[2018.10.17-12.58.01:262][909]LogModuleManager: Shutting down and abandoning module PortalServices (388)
[2018.10.17-12.58.01:262][909]LogModuleManager: Shutting down and abandoning module PortalRpc (386)
[2018.10.17-12.58.01:262][909]LogModuleManager: Shutting down and abandoning module MessagingRpc (384)
[2018.10.17-12.58.01:262][909]LogModuleManager: Shutting down and abandoning module AIModule (382)
[2018.10.17-12.58.01:262][909]LogModuleManager: Shutting down and abandoning module GameplayDebugger (381)
[2018.10.17-12.58.01:262][909]LogModuleManager: Shutting down and abandoning module AITestSuite (379)
[2018.10.17-12.58.01:262][909]LogModuleManager: Shutting down and abandoning module DesktopPlatform (376)
[2018.10.17-12.58.01:262][909]LogModuleManager: Shutting down and abandoning module ProfilerService (374)
[2018.10.17-12.58.01:333][909]LogModuleManager: Shutting down and abandoning module TaskGraph (372)
[2018.10.17-12.58.01:333][909]LogModuleManager: Shutting down and abandoning module SteamVRController (370)
[2018.10.17-12.58.01:333][909]LogModuleManager: Shutting down and abandoning module ProceduralMeshComponentEditor (368)
[2018.10.17-12.58.01:333][909]LogModuleManager: Shutting down and abandoning module ProceduralMeshComponent (366)
[2018.10.17-12.58.01:333][909]LogModuleManager: Shutting down and abandoning module OculusInput (364)
[2018.10.17-12.58.01:333][909]LogModuleManager: Shutting down and abandoning module MobilePatchingUtils (362)
[2018.10.17-12.58.01:333][909]LogModuleManager: Shutting down and abandoning module CustomMeshComponent (360)
[2018.10.17-12.58.01:333][909]LogModuleManager: Shutting down and abandoning module CableComponent (358)
[2018.10.17-12.58.01:333][909]LogModuleManager: Shutting down and abandoning module AudioCapture (356)
[2018.10.17-12.58.01:333][909]LogModuleManager: Shutting down and abandoning module ArchVisCharacter (354)
[2018.10.17-12.58.01:333][909]LogModuleManager: Shutting down and abandoning module AndroidPermission (352)
[2018.10.17-12.58.01:333][909]LogModuleManager: Shutting down and abandoning module NUTUnrealEngine4 (348)
[2018.10.17-12.58.01:333][909]LogModuleManager: Shutting down and abandoning module NetcodeUnitTest (346)
[2018.10.17-12.58.01:333][909]LogModuleManager: Shutting down and abandoning module MediaCompositingEditor (344)
[2018.10.17-12.58.01:333][909]LogModuleManager: Shutting down and abandoning module MediaCompositing (342)
[2018.10.17-12.58.01:334][909]LogModuleManager: Shutting down and abandoning module LinearTimecode (340)
[2018.10.17-12.58.01:334][909]LogModuleManager: Shutting down and abandoning module ImgMedia (338)
[2018.10.17-12.58.01:337][909]LogModuleManager: Shutting down and abandoning module HTML5Networking (336)
[2018.10.17-12.58.01:337][909]LogModuleManager: Shutting down and abandoning module AlembicImporter (334)
[2018.10.17-12.58.01:337][909]LogModuleManager: Shutting down and abandoning module AlembicLibrary (333)
[2018.10.17-12.58.01:337][909]LogModuleManager: Shutting down and abandoning module GeometryCache (332)
[2018.10.17-12.58.01:337][909]LogModuleManager: Shutting down and abandoning module GeometryCacheEd (331)
[2018.10.17-12.58.01:337][909]LogModuleManager: Shutting down and abandoning module DatasmithContent (326)
[2018.10.17-12.58.01:337][909]LogModuleManager: Shutting down and abandoning module SpeedTreeImporter (324)
[2018.10.17-12.58.01:337][909]LogModuleManager: Shutting down and abandoning module PluginBrowser (322)
[2018.10.17-12.58.01:337][909]LogModuleManager: Shutting down and abandoning module MobileLauncherProfileWizard (320)
[2018.10.17-12.58.01:337][909]LogModuleManager: Shutting down and abandoning module CryptoKeysOpenSSL (318)
[2018.10.17-12.58.01:337][909]LogModuleManager: Shutting down and abandoning module CryptoKeys (316)
[2018.10.17-12.58.01:337][909]LogModuleManager: Shutting down and abandoning module VisualStudioSourceCodeAccess (314)
[2018.10.17-12.58.01:337][909]LogModuleManager: Shutting down and abandoning module VisualStudioCodeSourceCodeAccess (312)
[2018.10.17-12.58.01:337][909]LogModuleManager: Shutting down and abandoning module UObjectPlugin (310)
[2018.10.17-12.58.01:337][909]LogModuleManager: Shutting down and abandoning module SubversionSourceControl (308)
[2018.10.17-12.58.01:337][909]LogModuleManager: Shutting down and abandoning module PerforceSourceControl (306)
[2018.10.17-12.58.01:337][909]LogModuleManager: Shutting down and abandoning module GitSourceControl (304)
[2018.10.17-12.58.01:337][909]LogModuleManager: Shutting down and abandoning module SourceControl (303)
[2018.10.17-12.58.01:338][909]LogModuleManager: Shutting down and abandoning module CLionSourceCodeAccess (300)
[2018.10.17-12.58.01:338][909]LogModuleManager: Shutting down and abandoning module LightPropagationVolumeEditor (298)
[2018.10.17-12.58.01:338][909]LogModuleManager: Shutting down and abandoning module PaperTiledImporter (296)
[2018.10.17-12.58.01:338][909]LogModuleManager: Shutting down and abandoning module PaperSpriteSheetImporter (294)
[2018.10.17-12.58.01:338][909]LogModuleManager: Shutting down and abandoning module Paper2DEditor (292)
[2018.10.17-12.58.01:338][909]LogModuleManager: Shutting down and abandoning module MeshPaint (291)
[2018.10.17-12.58.01:338][909]LogModuleManager: Shutting down and abandoning module RuntimePhysXCooking (288)
[2018.10.17-12.58.01:338][909]LogModuleManager: Shutting down and abandoning module PhysXVehiclesEditor (286)
[2018.10.17-12.58.01:338][909]LogModuleManager: Shutting down and abandoning module PhysXVehicles (284)
[2018.10.17-12.58.01:338][909]LogModuleManager: Shutting down and abandoning module OculusEditor (282)
[2018.10.17-12.58.01:338][909]LogModuleManager: Shutting down and abandoning module LocationServicesBPLibrary (280)
[2018.10.17-12.58.01:338][909]LogModuleManager: Shutting down and abandoning module ImmediatePhysicsEditor (278)
[2018.10.17-12.58.01:338][909]LogModuleManager: Shutting down and abandoning module ImmediatePhysics (276)
[2018.10.17-12.58.01:338][909]LogModuleManager: Shutting down and abandoning module ActorSequence (274)
[2018.10.17-12.58.01:338][909]LogModuleManager: Shutting down and abandoning module UdpMessaging (272)
[2018.10.17-12.58.01:439][909]LogModuleManager: Shutting down and abandoning module TcpMessaging (270)
[2018.10.17-12.58.01:540][909]LogModuleManager: Shutting down and abandoning module GameplayTagsEditor (268)
[2018.10.17-12.58.01:540][909]LogModuleManager: Shutting down and abandoning module FacialAnimationEditor (266)
[2018.10.17-12.58.01:540][909]LogModuleManager: Shutting down and abandoning module FacialAnimation (264)
[2018.10.17-12.58.01:540][909]LogModuleManager: Shutting down and abandoning module DataValidation (262)
[2018.10.17-12.58.01:540][909]LogModuleManager: Shutting down and abandoning module AssetManagerEditor (260)
[2018.10.17-12.58.01:540][909]LogModuleManager: Shutting down and abandoning module LevelEditor (259)
[2018.10.17-12.58.01:541][909]LogModuleManager: Shutting down and abandoning module PixelInspectorModule (258)
[2018.10.17-12.58.01:541][909]LogModuleManager: Shutting down and abandoning module CommonMenuExtensions (256)
[2018.10.17-12.58.01:541][909]LogModuleManager: Shutting down and abandoning module MainFrame (254)
[2018.10.17-12.58.01:541][909]LogModuleManager: Shutting down and abandoning module HotReload (253)
[2018.10.17-12.58.01:541][909]LogModuleManager: Shutting down and abandoning module ContentBrowser (249)
[2018.10.17-12.58.01:542][909]LogModuleManager: Shutting down and abandoning module TreeMap (247)
[2018.10.17-12.58.01:542][909]LogModuleManager: Shutting down and abandoning module LightPropagationVolumeRuntime (244)
[2018.10.17-12.58.01:542][909]LogModuleManager: Shutting down and abandoning module LiveLinkEditor (242)
[2018.10.17-12.58.01:542][909]LogModuleManager: Shutting down and abandoning module LiveLink (240)
[2018.10.17-12.58.02:389][909]LogModuleManager: Shutting down and abandoning module Paper2D (238)
[2018.10.17-12.58.02:389][909]LogModuleManager: Shutting down and abandoning module WindowsMoviePlayer (236)
[2018.10.17-12.58.02:389][909]LogModuleManager: Shutting down and abandoning module WmfMedia (234)
[2018.10.17-12.58.02:390][909]LogModuleManager: Shutting down and abandoning module Media (233)
[2018.10.17-12.58.02:396][909]LogModuleManager: Shutting down and abandoning module PacketHandler (230)
[2018.10.17-12.58.02:396][909]LogModuleManager: Shutting down and abandoning module ClothingSystemEditor (228)
[2018.10.17-12.58.02:396][909]LogModuleManager: Shutting down and abandoning module ClothingSystemRuntime (226)
[2018.10.17-12.58.02:396][909]LogModuleManager: Shutting down and abandoning module MediaAssets (224)
[2018.10.17-12.58.02:397][909]LogModuleManager: Shutting down and abandoning module Overlay (222)
[2018.10.17-12.58.02:397][909]LogModuleManager: Shutting down and abandoning module OverlayEditor (221)
[2018.10.17-12.58.02:397][909]LogModuleManager: Shutting down and abandoning module VREditor (218)
[2018.10.17-12.58.02:397][909]LogModuleManager: Shutting down and abandoning module StringTableEditor (216)
[2018.10.17-12.58.02:397][909]LogModuleManager: Shutting down and abandoning module GameplayTasksEditor (214)
[2018.10.17-12.58.02:397][909]LogModuleManager: Shutting down and abandoning module BehaviorTreeEditor (212)
[2018.10.17-12.58.02:397][909]LogModuleManager: Shutting down and abandoning module FunctionalTesting (210)
[2018.10.17-12.58.02:397][909]LogModuleManager: Shutting down and abandoning module CollisionAnalyzer (208)
[2018.10.17-12.58.02:397][909]LogModuleManager: Shutting down and abandoning module WorkspaceMenuStructure (207)
[2018.10.17-12.58.02:397][909]LogModuleManager: Shutting down and abandoning module UMG (204)
[2018.10.17-12.58.02:397][909]LogModuleManager: Shutting down and abandoning module UMGEditor (203)
[2018.10.17-12.58.02:397][909]LogModuleManager: Shutting down and abandoning module Sequencer (202)
[2018.10.17-12.58.02:397][909]LogModuleManager: Shutting down and abandoning module MessageLog (199)
[2018.10.17-12.58.02:397][909]LogModuleManager: Shutting down and abandoning module SlateReflector (194)
[2018.10.17-12.58.02:397][909]LogModuleManager: Shutting down and abandoning module Slate (192)
[2018.10.17-12.58.02:397][909]LogModuleManager: Shutting down and abandoning module EditorStyle (190)
[2018.10.17-12.58.02:399][909]LogModuleManager: Shutting down and abandoning module MRMesh (188)
[2018.10.17-12.58.02:399][909]LogModuleManager: Shutting down and abandoning module SourceCodeAccess (186)
[2018.10.17-12.58.02:399][909]LogModuleManager: Shutting down and abandoning module HeadMountedDisplay (184)
[2018.10.17-12.58.02:399][909]LogModuleManager: Shutting down and abandoning module XAudio2 (182)
[2018.10.17-12.58.02:399][909]LogModuleManager: Shutting down and abandoning module Networking (180)
[2018.10.17-12.58.02:399][909]LogModuleManager: Shutting down and abandoning module Core (178)
[2018.10.17-12.58.02:399][909]LogModuleManager: Shutting down and abandoning module LevelSequence (176)
[2018.10.17-12.58.02:399][909]LogModuleManager: Shutting down and abandoning module KismetCompiler (174)
[2018.10.17-12.58.02:399][909]LogModuleManager: Shutting down and abandoning module MeshUtilities (172)
[2018.10.17-12.58.02:399][909]LogModuleManager: Shutting down and abandoning module MeshMergeUtilities (171)
[2018.10.17-12.58.02:399][909]LogModuleManager: Shutting down and abandoning module MeshReductionInterface (170)
[2018.10.17-12.58.02:400][909]LogModuleManager: Shutting down and abandoning module SimplygonSwarm (169)
[2018.10.17-12.58.02:400][909]LogModuleManager: Shutting down and abandoning module SimplygonMeshReduction (167)
[2018.10.17-12.58.02:400][909]LogModuleManager: Shutting down and abandoning module QuadricMeshReduction (165)
[2018.10.17-12.58.02:400][909]LogModuleManager: Shutting down and abandoning module MaterialBaking (161)
[2018.10.17-12.58.02:400][909]LogModuleManager: Shutting down and abandoning module DirectoryWatcher (157)
[2018.10.17-12.58.02:401][909]LogModuleManager: Shutting down and abandoning module DerivedDataCache (154)
[2018.10.17-12.58.02:442][909]LogDerivedDataCache: Shutdown
[2018.10.17-12.58.02:443][909]LogModuleManager: Shutting down and abandoning module XGEController (152)
[2018.10.17-12.58.02:443][909]LogModuleManager: Shutting down and abandoning module TargetPlatform (150)
[2018.10.17-12.58.02:443][909]LogModuleManager: Shutting down and abandoning module VulkanShaderFormat (149)
[2018.10.17-12.58.02:443][909]LogModuleManager: Shutting down and abandoning module ShaderFormatVectorVM (147)
[2018.10.17-12.58.02:443][909]LogModuleManager: Shutting down and abandoning module ShaderFormatOpenGL (145)
[2018.10.17-12.58.02:443][909]LogModuleManager: Shutting down and abandoning module ShaderFormatD3D (143)
[2018.10.17-12.58.02:443][909]LogModuleManager: Shutting down and abandoning module MetalShaderFormat (141)
[2018.10.17-12.58.02:443][909]LogModuleManager: Shutting down and abandoning module TextureFormatUncompressed (139)
[2018.10.17-12.58.02:443][909]LogModuleManager: Shutting down and abandoning module TextureFormatPVR (137)
[2018.10.17-12.58.02:443][909]LogModuleManager: Shutting down and abandoning module TextureFormatDXT (135)
[2018.10.17-12.58.02:443][909]LogModuleManager: Shutting down and abandoning module TextureFormatIntelISPCTexComp (133)
[2018.10.17-12.58.02:443][909]LogModuleManager: Shutting down and abandoning module TextureFormatASTC (131)
[2018.10.17-12.58.02:443][909]LogModuleManager: Shutting down and abandoning module ImageWrapper (130)
[2018.10.17-12.58.02:443][909]LogModuleManager: Shutting down and abandoning module TextureFormatAndroid (127)
[2018.10.17-12.58.02:443][909]LogModuleManager: Shutting down and abandoning module AudioFormatOpus (125)
[2018.10.17-12.58.02:443][909]LogModuleManager: Shutting down and abandoning module AudioFormatOgg (123)
[2018.10.17-12.58.02:443][909]LogModuleManager: Shutting down and abandoning module AudioFormatADPCM (121)
[2018.10.17-12.58.02:443][909]LogModuleManager: Shutting down and abandoning module LinuxTargetPlatform (119)
[2018.10.17-12.58.02:443][909]LogModuleManager: Shutting down and abandoning module LinuxServerTargetPlatform (117)
[2018.10.17-12.58.02:443][909]LogModuleManager: Shutting down and abandoning module LinuxNoEditorTargetPlatform (115)
[2018.10.17-12.58.02:443][909]LogModuleManager: Shutting down and abandoning module LinuxClientTargetPlatform (113)
[2018.10.17-12.58.02:443][909]LogModuleManager: Shutting down and abandoning module TVOSTargetPlatform (111)
[2018.10.17-12.58.02:443][909]LogModuleManager: Shutting down and abandoning module Messaging (109)
[2018.10.17-12.58.02:443][909]LogModuleManager: Shutting down and abandoning module IOSTargetPlatform (107)
[2018.10.17-12.58.02:443][909]LogModuleManager: Shutting down and abandoning module HTML5TargetPlatform (105)
[2018.10.17-12.58.02:443][909]LogModuleManager: Shutting down and abandoning module AndroidTargetPlatform (103)
[2018.10.17-12.58.02:443][909]LogModuleManager: Shutting down and abandoning module Android_PVRTCTargetPlatform (101)
[2018.10.17-12.58.02:443][909]LogModuleManager: Shutting down and abandoning module Android_MultiTargetPlatform (99)
[2018.10.17-12.58.02:444][909]LogModuleManager: Shutting down and abandoning module Android_ETC2TargetPlatform (97)
[2018.10.17-12.58.02:444][909]LogModuleManager: Shutting down and abandoning module Android_ETC1TargetPlatform (95)
[2018.10.17-12.58.02:444][909]LogModuleManager: Shutting down and abandoning module Android_ETC1aTargetPlatform (93)
[2018.10.17-12.58.02:444][909]LogModuleManager: Shutting down and abandoning module Android_DXTTargetPlatform (91)
[2018.10.17-12.58.02:444][909]LogModuleManager: Shutting down and abandoning module Android_ATCTargetPlatform (89)
[2018.10.17-12.58.02:444][909]LogModuleManager: Shutting down and abandoning module Android_ASTCTargetPlatform (87)
[2018.10.17-12.58.02:444][909]LogModuleManager: Shutting down and abandoning module WindowsTargetPlatform (85)
[2018.10.17-12.58.02:445][909]LogModuleManager: Shutting down and abandoning module WindowsServerTargetPlatform (83)
[2018.10.17-12.58.02:445][909]LogModuleManager: Shutting down and abandoning module WindowsNoEditorTargetPlatform (81)
[2018.10.17-12.58.02:445][909]LogModuleManager: Shutting down and abandoning module WindowsClientTargetPlatform (79)
[2018.10.17-12.58.02:445][909]LogModuleManager: Shutting down and abandoning module MacTargetPlatform (77)
[2018.10.17-12.58.02:445][909]LogModuleManager: Shutting down and abandoning module MacServerTargetPlatform (75)
[2018.10.17-12.58.02:445][909]LogModuleManager: Shutting down and abandoning module MacNoEditorTargetPlatform (73)
[2018.10.17-12.58.02:445][909]LogModuleManager: Shutting down and abandoning module MacClientTargetPlatform (71)
[2018.10.17-12.58.02:445][909]LogModuleManager: Shutting down and abandoning module AllDesktopTargetPlatform (69)
[2018.10.17-12.58.02:445][909]LogModuleManager: Shutting down and abandoning module InputCore (66)
[2018.10.17-12.58.02:445][909]LogModuleManager: Shutting down and abandoning module Settings (64)
[2018.10.17-12.58.02:445][909]LogModuleManager: Shutting down and abandoning module PhysXCooking (62)
[2018.10.17-12.58.02:445][909]LogModuleManager: Shutting down and abandoning module SteamVR (60)
[2018.10.17-12.58.02:445][909]LogModuleManager: Shutting down and abandoning module OculusHMD (58)
[2018.10.17-12.58.02:445][909]LogModuleManager: Shutting down and abandoning module ExampleDeviceProfileSelector (56)
[2018.10.17-12.58.02:445][909]LogModuleManager: Shutting down and abandoning module AppleARKit (54)
[2018.10.17-12.58.02:445][909]LogModuleManager: Shutting down and abandoning module AugmentedReality (51)
[2018.10.17-12.58.02:445][909]LogModuleManager: Shutting down and abandoning module OnlineBlueprintSupport (48)
[2018.10.17-12.58.02:445][909]LogModuleManager: Shutting down and abandoning module OnlineSubsystem (44)
[2018.10.17-12.58.02:445][909]LogModuleManager: Shutting down and abandoning module XMPP (43)
[2018.10.17-12.58.02:446][909]LogModuleManager: Shutting down and abandoning module HTTP (41)
[2018.10.17-12.58.02:446][909]LogHttp: Display: Http module shutting down, but needs to wait on 1 outstanding Http requests:
[2018.10.17-12.58.02:446][909]LogHttp: Display: 	verb=[POST] url=[https://datarouter.ol.epicgames.com/datarouter/api/v1/public/data?SessionID=%7BDF5B09E3-4F1E-ED4F-A33B-8684D788657D%7D&AppID=UEEditor.Rocket.Release&AppVersion=4.19.2-4033788%2B%2B%2BUE4%2BRelease-4.19&UserID=ddfc4f2d4109bf004e686498aa2423fc%7Cf380d526c0fd485692956c72a8aef1e9%7C68e54270-8504-4a0f-bacb-d051f8fb3d8f&AppEnvironment=datacollector-binary&UploadType=eteventstream] status=Processing
[2018.10.17-12.58.02:475][909]LogModuleManager: Shutting down and abandoning module SSL (40)
[2018.10.17-12.58.02:475][909]LogModuleManager: Shutting down and abandoning module AnimationModifiers (36)
[2018.10.17-12.58.02:476][909]LogModuleManager: Shutting down and abandoning module PropertyEditor (35)
[2018.10.17-12.58.02:476][909]LogModuleManager: Shutting down and abandoning module AudioEditor (32)
[2018.10.17-12.58.02:476][909]LogModuleManager: Shutting down and abandoning module TextureCompressor (30)
[2018.10.17-12.58.02:476][909]LogModuleManager: Shutting down and abandoning module ShaderCore (28)
[2018.10.17-12.58.02:476][909]LogModuleManager: Shutting down and abandoning module Landscape (26)
[2018.10.17-12.58.02:476][909]LogModuleManager: Shutting down and abandoning module SlateRHIRenderer (24)
[2018.10.17-12.58.02:476][909]LogModuleManager: Shutting down and abandoning module OpenGLDrv (22)
[2018.10.17-12.58.02:477][909]LogModuleManager: Shutting down and abandoning module D3D11RHI (20)
[2018.10.17-12.58.02:477][909]LogModuleManager: Shutting down and abandoning module AnimGraphRuntime (18)
[2018.10.17-12.58.02:477][909]LogModuleManager: Shutting down and abandoning module Renderer (16)
[2018.10.17-12.58.02:477][909]LogModuleManager: Shutting down and abandoning module Engine (14)
[2018.10.17-12.58.02:477][909]LogModuleManager: Shutting down and abandoning module CoreUObject (12)
[2018.10.17-12.58.02:477][909]LogModuleManager: Shutting down and abandoning module NetworkFile (10)
[2018.10.17-12.58.02:477][909]LogModuleManager: Shutting down and abandoning module CookedIterativeFile (8)
[2018.10.17-12.58.02:477][909]LogModuleManager: Shutting down and abandoning module StreamingFile (6)
[2018.10.17-12.58.02:477][909]LogModuleManager: Shutting down and abandoning module SandboxFile (4)
[2018.10.17-12.58.02:477][909]LogModuleManager: Shutting down and abandoning module PakFile (2)
[2018.10.17-12.58.02:483][909]LogExit: Exiting.
[2018.10.17-12.58.02:494][909]Log file closed, 10/17/18 13:58:02
